Using pre-set license
Built from '2022.1/staging' branch; Version is '2022.1.3f1 (1cedbfe38737) revision 1895871'; Using compiler version '192829333'; Build Type 'Release'
OS: 'Windows 11  (10.0.22631) 64bit Professional' Language: 'en' Physical Memory: 11626 MB
BatchMode: 1, IsHumanControllingUs: 0, StartBugReporterOnCrash: 0, Is64bit: 1, IsPro: 1

COMMAND LINE ARGUMENTS:
C:\Program Files\Unity 2022.1.3f1\Editor\Unity.exe
-adb2
-batchMode
-noUpm
-name
AssetImportWorker4
-projectPath
D:/Programacion CC/CC/Proyecto CC/Gwent-Pro
-logFile
Logs/AssetImportWorker4.log
-srvPort
4391
Successfully changed project path to: D:/Programacion CC/CC/Proyecto CC/Gwent-Pro
D:/Programacion CC/CC/Proyecto CC/Gwent-Pro
[UnityMemory] Configuration Parameters - Can be set up in boot.config
    "memorysetup-bucket-allocator-granularity=16"
    "memorysetup-bucket-allocator-bucket-count=8"
    "memorysetup-bucket-allocator-block-size=33554432"
    "memorysetup-bucket-allocator-block-count=8"
    "memorysetup-main-allocator-block-size=16777216"
    "memorysetup-thread-allocator-block-size=16777216"
    "memorysetup-gfx-main-allocator-block-size=16777216"
    "memorysetup-gfx-thread-allocator-block-size=16777216"
    "memorysetup-cache-allocator-block-size=4194304"
    "memorysetup-typetree-allocator-block-size=2097152"
    "memorysetup-profiler-bucket-allocator-granularity=16"
    "memorysetup-profiler-bucket-allocator-bucket-count=8"
    "memorysetup-profiler-bucket-allocator-block-size=33554432"
    "memorysetup-profiler-bucket-allocator-block-count=8"
    "memorysetup-profiler-allocator-block-size=16777216"
    "memorysetup-profiler-editor-allocator-block-size=1048576"
    "memorysetup-temp-allocator-size-main=16777216"
    "memorysetup-job-temp-allocator-block-size=2097152"
    "memorysetup-job-temp-allocator-block-size-background=1048576"
    "memorysetup-job-temp-allocator-reduction-small-platforms=262144"
    "memorysetup-temp-allocator-size-background-worker=32768"
    "memorysetup-temp-allocator-size-job-worker=262144"
    "memorysetup-temp-allocator-size-preload-manager=33554432"
    "memorysetup-temp-allocator-size-nav-mesh-worker=65536"
    "memorysetup-temp-allocator-size-audio-worker=65536"
    "memorysetup-temp-allocator-size-cloud-worker=32768"
    "memorysetup-temp-allocator-size-gi-baking-worker=262144"
    "memorysetup-temp-allocator-size-gfx=262144"
Refreshing native plugins compatible for Editor in 74.59 ms, found 3 plugins.
Preloading 0 native plugins for Editor in 0.00 ms.
Initialize engine version: 2022.1.3f1 (1cedbfe38737)
[Subsystems] Discovering subsystems at path C:/Program Files/Unity 2022.1.3f1/Editor/Data/Resources/UnitySubsystems
[Subsystems] Discovering subsystems at path D:/Programacion CC/CC/Proyecto CC/Gwent-Pro/Assets
GfxDevice: creating device client; threaded=0; jobified=0
Direct3D:
    Version:  Direct3D 11.0 [level 11.1]
    Renderer: AMD Radeon (TM) Graphics (ID=0x15e7)
    Vendor:   ATI
    VRAM:     5813 MB
    Driver:   31.0.12044.3
Initialize mono
Mono path[0] = 'C:/Program Files/Unity 2022.1.3f1/Editor/Data/Managed'
Mono path[1] = 'C:/Program Files/Unity 2022.1.3f1/Editor/Data/MonoBleedingEdge/lib/mono/unityjit-win32'
Mono config path = 'C:/Program Files/Unity 2022.1.3f1/Editor/Data/MonoBleedingEdge/etc'
Using monoOptions --debugger-agent=transport=dt_socket,embedding=1,server=y,suspend=n,address=127.0.0.1:56732
Begin MonoManager ReloadAssembly
Registering precompiled unity dll's ...
Register platform support module: C:/Program Files/Unity 2022.1.3f1/Editor/Data/PlaybackEngines/WindowsStandaloneSupport/UnityEditor.WindowsStandalone.Extensions.dll
Registered in 0.003302 seconds.
Native extension for WindowsStandalone target not found
Refreshing native plugins compatible for Editor in 69.65 ms, found 3 plugins.
Preloading 0 native plugins for Editor in 0.00 ms.
Mono: successfully reloaded assembly
- Completed reload, in  0.674 seconds
Domain Reload Profiling:
	ReloadAssembly (675ms)
		BeginReloadAssembly (74ms)
			ExecutionOrderSort (0ms)
			DisableScriptedObjects (0ms)
			BackupInstance (0ms)
			ReleaseScriptingObjects (0ms)
			CreateAndSetChildDomain (1ms)
		EndReloadAssembly (485ms)
			LoadAssemblies (72ms)
			RebuildTransferFunctionScriptingTraits (0ms)
			SetupTypeCache (123ms)
				TypeCache.Initialize (122ms)
					TypeCache.ScanAssembly (120ms)
				ResolveRequiredComponents (0ms)
			ReleaseScriptCaches (0ms)
			RebuildScriptCaches (28ms)
			SetupLoadedEditorAssemblies (272ms)
				LogAssemblyErrors (0ms)
				InitializePlatformSupportModulesInManaged (9ms)
				SetLoadedEditorAssemblies (8ms)
				RefreshPlugins (70ms)
				BeforeProcessingInitializeOnLoad (2ms)
				ProcessInitializeOnLoadAttributes (142ms)
				ProcessInitializeOnLoadMethodAttributes (42ms)
				AfterProcessingInitializeOnLoad (0ms)
				EditorAssembliesLoaded (0ms)
			ExecutionOrderSort2 (0ms)
			AwakeInstancesAfterBackupRestoration (0ms)
Platform modules already initialized, skipping
Registering precompiled user dll's ...
Registered in 0.002665 seconds.
Begin MonoManager ReloadAssembly
Native extension for WindowsStandalone target not found
Refreshing native plugins compatible for Editor in 0.60 ms, found 3 plugins.
Preloading 0 native plugins for Editor in 0.00 ms.
Mono: successfully reloaded assembly
- Completed reload, in  0.862 seconds
Domain Reload Profiling:
	ReloadAssembly (863ms)
		BeginReloadAssembly (98ms)
			ExecutionOrderSort (0ms)
			DisableScriptedObjects (5ms)
			BackupInstance (0ms)
			ReleaseScriptingObjects (0ms)
			CreateAndSetChildDomain (20ms)
		EndReloadAssembly (668ms)
			LoadAssemblies (59ms)
			RebuildTransferFunctionScriptingTraits (0ms)
			SetupTypeCache (188ms)
				TypeCache.Initialize (185ms)
					TypeCache.ScanAssembly (180ms)
				ResolveRequiredComponents (3ms)
			ReleaseScriptCaches (1ms)
			RebuildScriptCaches (40ms)
			SetupLoadedEditorAssemblies (335ms)
				LogAssemblyErrors (0ms)
				InitializePlatformSupportModulesInManaged (4ms)
				SetLoadedEditorAssemblies (6ms)
				RefreshPlugins (1ms)
				BeforeProcessingInitializeOnLoad (61ms)
				ProcessInitializeOnLoadAttributes (240ms)
				ProcessInitializeOnLoadMethodAttributes (18ms)
				AfterProcessingInitializeOnLoad (5ms)
				EditorAssembliesLoaded (0ms)
			ExecutionOrderSort2 (0ms)
			AwakeInstancesAfterBackupRestoration (5ms)
Platform modules already initialized, skipping
========================================================================
Worker process is ready to serve import requests
Launched and connected shader compiler UnityShaderCompiler.exe after 0.06 seconds
Refreshing native plugins compatible for Editor in 0.53 ms, found 3 plugins.
Preloading 0 native plugins for Editor in 0.00 ms.
Unloading 3002 Unused Serialized files (Serialized files now loaded: 0)
Unloading 23 unused Assets / (49.4 KB). Loaded Objects now: 3467.
Memory consumption went from 467.3 MB to 467.2 MB.
Total: 3.169100 ms (FindLiveObjects: 0.271800 ms CreateObjectMapping: 0.092200 ms MarkObjects: 2.716700 ms  DeleteObjects: 0.087200 ms)

AssetImportParameters requested are different than current active one (requested -> active):
  custom:video-decoder-ogg-theora: a1e56fd34408186e4bbccfd4996cb3dc -> 
  custom:container-muxer-webm: aa71ff27fc2769a1b78a27578f13a17b -> 
  custom:container-demuxer-webm: 4f35f7cbe854078d1ac9338744f61a02 -> 
  custom:video-encoder-webm-vp8: eb34c28f22e8b96e1ab97ce403110664 -> 
  custom:video-codec-MediaFoundation-h265: 746d11721c4dcdbdad8f713fa42b33f4 -> 
  custom:audio-encoder-webm-vorbis: bf7c407c2cedff20999df2af8eb42d56 -> 
  custom:framework-win-MediaFoundation: 216162199b28c13a410421893ffa2e32 -> 
  custom:container-demuxer-ogg: 62fdf1f143b41e24485cea50d1cbac27 -> 
  custom:video-decoder-webm-vp8: 9c59270c3fd7afecdb556c50c9e8de78 -> 
  custom:audio-decoder-ogg-vorbis: bf7c407c2cedff20999df2af8eb42d56 -> 
========================================================================
Received Prepare
Refreshing native plugins compatible for Editor in 2.53 ms, found 3 plugins.
Preloading 0 native plugins for Editor in 0.00 ms.
Unloading 16 Unused Serialized files (Serialized files now loaded: 0)
Unloading 16 unused Assets / (29.8 KB). Loaded Objects now: 3467.
Memory consumption went from 62.4 MB to 62.4 MB.
Total: 3.037700 ms (FindLiveObjects: 0.433100 ms CreateObjectMapping: 0.109200 ms MarkObjects: 2.475200 ms  DeleteObjects: 0.019300 ms)

AssetImportParameters requested are different than current active one (requested -> active):
  custom:video-decoder-ogg-theora: a1e56fd34408186e4bbccfd4996cb3dc -> 
  custom:container-muxer-webm: aa71ff27fc2769a1b78a27578f13a17b -> 
  custom:container-demuxer-webm: 4f35f7cbe854078d1ac9338744f61a02 -> 
  custom:video-encoder-webm-vp8: eb34c28f22e8b96e1ab97ce403110664 -> 
  custom:video-codec-MediaFoundation-h265: 746d11721c4dcdbdad8f713fa42b33f4 -> 
  custom:audio-encoder-webm-vorbis: bf7c407c2cedff20999df2af8eb42d56 -> 
  custom:framework-win-MediaFoundation: 216162199b28c13a410421893ffa2e32 -> 
  custom:container-demuxer-ogg: 62fdf1f143b41e24485cea50d1cbac27 -> 
  custom:video-decoder-webm-vp8: 9c59270c3fd7afecdb556c50c9e8de78 -> 
  custom:audio-decoder-ogg-vorbis: bf7c407c2cedff20999df2af8eb42d56 -> 
========================================================================
Received Import Request.
  Time since last request: 83501.579609 seconds.
  path: Assets/Prefabs/Elven/1 Durion.prefab
  artifactKey: Guid(ac4bc9ef84d3cda468731a32ed21d5bc) Importer(815301076,1909f56bfc062723c751e8b465ee728b)
Start importing Assets/Prefabs/Elven/1 Durion.prefab using Guid(ac4bc9ef84d3cda468731a32ed21d5bc) Importer(815301076,1909f56bfc062723c751e8b465ee728b)  -> (artifact id: '521bab67eaf46875a6ac5e54220d20eb') in 0.109051 seconds 
========================================================================
Received Import Request.
  Time since last request: 0.000024 seconds.
  path: Assets/Prefabs/Elven/6 Galadriel.prefab
  artifactKey: Guid(61bca58b1cf15bf4a98e049a473e9bbd) Importer(815301076,1909f56bfc062723c751e8b465ee728b)
Start importing Assets/Prefabs/Elven/6 Galadriel.prefab using Guid(61bca58b1cf15bf4a98e049a473e9bbd) Importer(815301076,1909f56bfc062723c751e8b465ee728b)  -> (artifact id: '8b1f57329d643970ad8da942ba700e25') in 0.018153 seconds 
========================================================================
Received Import Request.
  Time since last request: 0.000033 seconds.
  path: Assets/Prefabs/Elven/7 Mitharandir.prefab
  artifactKey: Guid(60cfa4d8a3a0ca44a87a804cea4b1ac4) Importer(815301076,1909f56bfc062723c751e8b465ee728b)
Start importing Assets/Prefabs/Elven/7 Mitharandir.prefab using Guid(60cfa4d8a3a0ca44a87a804cea4b1ac4) Importer(815301076,1909f56bfc062723c751e8b465ee728b)  -> (artifact id: '3c070dcd43ef8ecd7176eb916651dad9') in 0.015372 seconds 
========================================================================
Received Import Request.
  Time since last request: 0.000020 seconds.
  path: Assets/Prefabs/Elven/4 Elessar.prefab
  artifactKey: Guid(741a5d20d62a6be4a898a52cbd7f3e8f) Importer(815301076,1909f56bfc062723c751e8b465ee728b)
Start importing Assets/Prefabs/Elven/4 Elessar.prefab using Guid(741a5d20d62a6be4a898a52cbd7f3e8f) Importer(815301076,1909f56bfc062723c751e8b465ee728b)  -> (artifact id: '9109e85b6501f166afb9620896f7f28a') in 0.014964 seconds 
========================================================================
Received Import Request.
  Time since last request: 0.000019 seconds.
  path: Assets/Prefabs/Elven/10 Avalancha.prefab
  artifactKey: Guid(9af9c50e5fbc56d4d9b37fed8e732780) Importer(815301076,1909f56bfc062723c751e8b465ee728b)
Start importing Assets/Prefabs/Elven/10 Avalancha.prefab using Guid(9af9c50e5fbc56d4d9b37fed8e732780) Importer(815301076,1909f56bfc062723c751e8b465ee728b)  -> (artifact id: '9e95fc1c4912a4dd090e99ea85f1e5b8') in 0.023456 seconds 
========================================================================
Received Import Request.
  Time since last request: 0.000022 seconds.
  path: Assets/Prefabs/Elven/3 Elowyn.prefab
  artifactKey: Guid(e1895833a952d084fbf7a2420114b9e8) Importer(815301076,1909f56bfc062723c751e8b465ee728b)
Start importing Assets/Prefabs/Elven/3 Elowyn.prefab using Guid(e1895833a952d084fbf7a2420114b9e8) Importer(815301076,1909f56bfc062723c751e8b465ee728b)  -> (artifact id: '6bc212739c114dc803e954dbbe7dd8bd') in 0.029212 seconds 
========================================================================
Received Import Request.
  Time since last request: 0.000027 seconds.
  path: Assets/Prefabs/Elven/15 Mildir el explorador.prefab
  artifactKey: Guid(9a805fee432650240b45bc54ee2281f6) Importer(815301076,1909f56bfc062723c751e8b465ee728b)
Start importing Assets/Prefabs/Elven/15 Mildir el explorador.prefab using Guid(9a805fee432650240b45bc54ee2281f6) Importer(815301076,1909f56bfc062723c751e8b465ee728b)  -> (artifact id: 'd13c72663ba909a8da3cb0fad2e574a2') in 0.029966 seconds 
========================================================================
Received Import Request.
  Time since last request: 0.000021 seconds.
  path: Assets/Prefabs/Elven/8 Thalir.prefab
  artifactKey: Guid(621add3e005fc9248bf9c880abf9f8d9) Importer(815301076,1909f56bfc062723c751e8b465ee728b)
Start importing Assets/Prefabs/Elven/8 Thalir.prefab using Guid(621add3e005fc9248bf9c880abf9f8d9) Importer(815301076,1909f56bfc062723c751e8b465ee728b)  -> (artifact id: 'da328c72cc169feb92bb039849536efb') in 0.020162 seconds 
========================================================================
Received Import Request.
  Time since last request: 0.000024 seconds.
  path: Assets/Prefabs/Elven/5 Arandir.prefab
  artifactKey: Guid(5ec028db53fd78b45a155e491af42468) Importer(815301076,1909f56bfc062723c751e8b465ee728b)
Start importing Assets/Prefabs/Elven/5 Arandir.prefab using Guid(5ec028db53fd78b45a155e491af42468) Importer(815301076,1909f56bfc062723c751e8b465ee728b)  -> (artifact id: 'dba0e8fadb24b8267c24812a95bdb894') in 0.027138 seconds 
========================================================================
Received Import Request.
  Time since last request: 0.000020 seconds.
  path: Assets/Prefabs/Elven/2 Zenia.prefab
  artifactKey: Guid(41fe5b0174b57cb49add61a4ff8bf617) Importer(815301076,1909f56bfc062723c751e8b465ee728b)
Start importing Assets/Prefabs/Elven/2 Zenia.prefab using Guid(41fe5b0174b57cb49add61a4ff8bf617) Importer(815301076,1909f56bfc062723c751e8b465ee728b)  -> (artifact id: '24d3586e3bfdda723f4508ab3fec6587') in 0.017140 seconds 
========================================================================
Received Import Request.
  Time since last request: 0.000033 seconds.
  path: Assets/Prefabs/Elven/11 Titanica.prefab
  artifactKey: Guid(217dac78a9c19644e8fc0588da6fcf81) Importer(815301076,1909f56bfc062723c751e8b465ee728b)
Start importing Assets/Prefabs/Elven/11 Titanica.prefab using Guid(217dac78a9c19644e8fc0588da6fcf81) Importer(815301076,1909f56bfc062723c751e8b465ee728b)  -> (artifact id: '095edd9b31b6296964667fb9032128e6') in 0.022254 seconds 
========================================================================
Received Prepare
Registering precompiled user dll's ...
Registered in 0.002384 seconds.
Begin MonoManager ReloadAssembly
Native extension for WindowsStandalone target not found
Refreshing native plugins compatible for Editor in 1.00 ms, found 3 plugins.
Preloading 0 native plugins for Editor in 0.00 ms.
Mono: successfully reloaded assembly
- Completed reload, in  0.998 seconds
Domain Reload Profiling:
	ReloadAssembly (999ms)
		BeginReloadAssembly (110ms)
			ExecutionOrderSort (0ms)
			DisableScriptedObjects (4ms)
			BackupInstance (0ms)
			ReleaseScriptingObjects (0ms)
			CreateAndSetChildDomain (33ms)
		EndReloadAssembly (813ms)
			LoadAssemblies (60ms)
			RebuildTransferFunctionScriptingTraits (0ms)
			SetupTypeCache (194ms)
				TypeCache.Initialize (191ms)
					TypeCache.ScanAssembly (186ms)
				ResolveRequiredComponents (3ms)
			ReleaseScriptCaches (1ms)
			RebuildScriptCaches (32ms)
			SetupLoadedEditorAssemblies (456ms)
				LogAssemblyErrors (0ms)
				InitializePlatformSupportModulesInManaged (12ms)
				SetLoadedEditorAssemblies (5ms)
				RefreshPlugins (1ms)
				BeforeProcessingInitializeOnLoad (52ms)
				ProcessInitializeOnLoadAttributes (349ms)
				ProcessInitializeOnLoadMethodAttributes (29ms)
				AfterProcessingInitializeOnLoad (7ms)
				EditorAssembliesLoaded (0ms)
			ExecutionOrderSort2 (0ms)
			AwakeInstancesAfterBackupRestoration (9ms)
Platform modules already initialized, skipping
Refreshing native plugins compatible for Editor in 10.88 ms, found 3 plugins.
Preloading 0 native plugins for Editor in 0.00 ms.
Unloading 2983 Unused Serialized files (Serialized files now loaded: 0)
Unloading 16 unused Assets / (25.4 KB). Loaded Objects now: 3477.
Memory consumption went from 468.0 MB to 467.9 MB.
Total: 20.269800 ms (FindLiveObjects: 1.252600 ms CreateObjectMapping: 0.815100 ms MarkObjects: 18.060200 ms  DeleteObjects: 0.126300 ms)

AssetImportParameters requested are different than current active one (requested -> active):
  custom:video-decoder-ogg-theora: a1e56fd34408186e4bbccfd4996cb3dc -> 
  custom:container-muxer-webm: aa71ff27fc2769a1b78a27578f13a17b -> 
  custom:container-demuxer-webm: 4f35f7cbe854078d1ac9338744f61a02 -> 
  custom:video-encoder-webm-vp8: eb34c28f22e8b96e1ab97ce403110664 -> 
  custom:video-codec-MediaFoundation-h265: 746d11721c4dcdbdad8f713fa42b33f4 -> 
  custom:audio-encoder-webm-vorbis: bf7c407c2cedff20999df2af8eb42d56 -> 
  custom:framework-win-MediaFoundation: 216162199b28c13a410421893ffa2e32 -> 
  custom:container-demuxer-ogg: 62fdf1f143b41e24485cea50d1cbac27 -> 
  custom:video-decoder-webm-vp8: 9c59270c3fd7afecdb556c50c9e8de78 -> 
  custom:audio-decoder-ogg-vorbis: bf7c407c2cedff20999df2af8eb42d56 -> 
========================================================================
Received Prepare
Registering precompiled user dll's ...
Registered in 0.002641 seconds.
Begin MonoManager ReloadAssembly
Native extension for WindowsStandalone target not found
Refreshing native plugins compatible for Editor in 0.64 ms, found 3 plugins.
Preloading 0 native plugins for Editor in 0.00 ms.
Mono: successfully reloaded assembly
- Completed reload, in  1.956 seconds
Domain Reload Profiling:
	ReloadAssembly (1959ms)
		BeginReloadAssembly (114ms)
			ExecutionOrderSort (0ms)
			DisableScriptedObjects (5ms)
			BackupInstance (0ms)
			ReleaseScriptingObjects (0ms)
			CreateAndSetChildDomain (32ms)
		EndReloadAssembly (1763ms)
			LoadAssemblies (61ms)
			RebuildTransferFunctionScriptingTraits (0ms)
			SetupTypeCache (182ms)
				TypeCache.Initialize (179ms)
					TypeCache.ScanAssembly (174ms)
				ResolveRequiredComponents (4ms)
			ReleaseScriptCaches (1ms)
			RebuildScriptCaches (32ms)
			SetupLoadedEditorAssemblies (1200ms)
				LogAssemblyErrors (0ms)
				InitializePlatformSupportModulesInManaged (10ms)
				SetLoadedEditorAssemblies (6ms)
				RefreshPlugins (1ms)
				BeforeProcessingInitializeOnLoad (47ms)
				ProcessInitializeOnLoadAttributes (897ms)
				ProcessInitializeOnLoadMethodAttributes (190ms)
				AfterProcessingInitializeOnLoad (48ms)
				EditorAssembliesLoaded (1ms)
			ExecutionOrderSort2 (0ms)
			AwakeInstancesAfterBackupRestoration (54ms)
Platform modules already initialized, skipping
Refreshing native plugins compatible for Editor in 8.58 ms, found 3 plugins.
Preloading 0 native plugins for Editor in 0.00 ms.
Unloading 2984 Unused Serialized files (Serialized files now loaded: 0)
Unloading 16 unused Assets / (32.6 KB). Loaded Objects now: 3480.
Memory consumption went from 468.2 MB to 468.2 MB.
Total: 23.295300 ms (FindLiveObjects: 1.100600 ms CreateObjectMapping: 1.005300 ms MarkObjects: 21.032100 ms  DeleteObjects: 0.150900 ms)

AssetImportParameters requested are different than current active one (requested -> active):
  custom:video-decoder-ogg-theora: a1e56fd34408186e4bbccfd4996cb3dc -> 
  custom:container-muxer-webm: aa71ff27fc2769a1b78a27578f13a17b -> 
  custom:container-demuxer-webm: 4f35f7cbe854078d1ac9338744f61a02 -> 
  custom:video-encoder-webm-vp8: eb34c28f22e8b96e1ab97ce403110664 -> 
  custom:video-codec-MediaFoundation-h265: 746d11721c4dcdbdad8f713fa42b33f4 -> 
  custom:audio-encoder-webm-vorbis: bf7c407c2cedff20999df2af8eb42d56 -> 
  custom:framework-win-MediaFoundation: 216162199b28c13a410421893ffa2e32 -> 
  custom:container-demuxer-ogg: 62fdf1f143b41e24485cea50d1cbac27 -> 
  custom:video-decoder-webm-vp8: 9c59270c3fd7afecdb556c50c9e8de78 -> 
  custom:audio-decoder-ogg-vorbis: bf7c407c2cedff20999df2af8eb42d56 -> 
========================================================================
Received Import Request.
  Time since last request: 16501.510489 seconds.
  path: Assets/Sprites/Mazo orc/Card_Orc.jpg
  artifactKey: Guid(0b977628c4e75ca41af810d6c2f9ba94) Importer(815301076,1909f56bfc062723c751e8b465ee728b)
Start importing Assets/Sprites/Mazo orc/Card_Orc.jpg using Guid(0b977628c4e75ca41af810d6c2f9ba94) Importer(815301076,1909f56bfc062723c751e8b465ee728b)  -> (artifact id: '2394e9c7c758a7873013483b21ee99b9') in 0.712446 seconds 
========================================================================
Received Import Request.
  Time since last request: 0.000075 seconds.
  path: Assets/Sprites/Mazo orc/Card_Orc5.jpg
  artifactKey: Guid(cd68568fee2a0ba45a36eb6308771d70) Importer(815301076,1909f56bfc062723c751e8b465ee728b)
Start importing Assets/Sprites/Mazo orc/Card_Orc5.jpg using Guid(cd68568fee2a0ba45a36eb6308771d70) Importer(815301076,1909f56bfc062723c751e8b465ee728b)  -> (artifact id: '7cc5552d32cfbddc020a4237799f59da') in 0.405112 seconds 
========================================================================
Received Import Request.
  Time since last request: 0.000035 seconds.
  path: Assets/Sprites/Mazo orc/Card_Orc6.jpg
  artifactKey: Guid(824d4b4edbe523342a72295d0acfb700) Importer(815301076,1909f56bfc062723c751e8b465ee728b)
Start importing Assets/Sprites/Mazo orc/Card_Orc6.jpg using Guid(824d4b4edbe523342a72295d0acfb700) Importer(815301076,1909f56bfc062723c751e8b465ee728b)  -> (artifact id: '16e1ef64daf0af2982ab772a91c4b017') in 0.329906 seconds 
========================================================================
Received Import Request.
  Time since last request: 0.000029 seconds.
  path: Assets/Sprites/Mazo orc/Card_Orc4.jpg
  artifactKey: Guid(c850f72bc870cd646bb01405bbe89938) Importer(815301076,1909f56bfc062723c751e8b465ee728b)
Start importing Assets/Sprites/Mazo orc/Card_Orc4.jpg using Guid(c850f72bc870cd646bb01405bbe89938) Importer(815301076,1909f56bfc062723c751e8b465ee728b)  -> (artifact id: '61a23c4fcfb5d2d4aa753df1e32c204f') in 1.584128 seconds 
========================================================================
Received Import Request.
  Time since last request: 0.000156 seconds.
  path: Assets/Sprites/Mazo orc/Card_Orc2.jpg
  artifactKey: Guid(26617a701875ea64788837e60af5b451) Importer(815301076,1909f56bfc062723c751e8b465ee728b)
Start importing Assets/Sprites/Mazo orc/Card_Orc2.jpg using Guid(26617a701875ea64788837e60af5b451) Importer(815301076,1909f56bfc062723c751e8b465ee728b)  -> (artifact id: '70861a9cea1783f47716ec22801f227d') in 3.203069 seconds 
========================================================================
Received Import Request.
  Time since last request: 0.000129 seconds.
  path: Assets/Prefabs/Orc/8 Rend.prefab
  artifactKey: Guid(ca9c9b8b43665c749b67b0589bc28c3b) Importer(815301076,1909f56bfc062723c751e8b465ee728b)
Start importing Assets/Prefabs/Orc/8 Rend.prefab using Guid(ca9c9b8b43665c749b67b0589bc28c3b) Importer(815301076,1909f56bfc062723c751e8b465ee728b)  -> (artifact id: 'aae7f393863e6f3377edb6468503f72e') in 0.162036 seconds 
========================================================================
Received Import Request.
  Time since last request: 0.000192 seconds.
  path: Assets/Prefabs/Orc/7 Grommash.prefab
  artifactKey: Guid(5d9dd3e8631adfe4489a97509ec968d0) Importer(815301076,1909f56bfc062723c751e8b465ee728b)
Start importing Assets/Prefabs/Orc/7 Grommash.prefab using Guid(5d9dd3e8631adfe4489a97509ec968d0) Importer(815301076,1909f56bfc062723c751e8b465ee728b)  -> (artifact id: '75acfc4427b782d943364c992a0511d0') in 0.065160 seconds 
========================================================================
Received Import Request.
  Time since last request: 0.000139 seconds.
  path: Assets/Prefabs/Orc/12 Draka.prefab
  artifactKey: Guid(2793a359e0988504bbaf8d66f0c5fe14) Importer(815301076,1909f56bfc062723c751e8b465ee728b)
Start importing Assets/Prefabs/Orc/12 Draka.prefab using Guid(2793a359e0988504bbaf8d66f0c5fe14) Importer(815301076,1909f56bfc062723c751e8b465ee728b)  -> (artifact id: '931a7ed6f00986ac0057faee17549143') in 0.094871 seconds 
========================================================================
Received Import Request.
  Time since last request: 0.000186 seconds.
  path: Assets/Prefabs/Orc/11 Raz'Algul.prefab
  artifactKey: Guid(78a3a1d896e50414fbbbd25ed8152c17) Importer(815301076,1909f56bfc062723c751e8b465ee728b)
Start importing Assets/Prefabs/Orc/11 Raz'Algul.prefab using Guid(78a3a1d896e50414fbbbd25ed8152c17) Importer(815301076,1909f56bfc062723c751e8b465ee728b)  -> (artifact id: 'aae79212b320a21008757e4086a979fb') in 0.073896 seconds 
========================================================================
Received Import Request.
  Time since last request: 0.000155 seconds.
  path: Assets/Prefabs/Orc/1 Nazgrel.prefab
  artifactKey: Guid(0a234294b930c044aba17f0f728b9bfe) Importer(815301076,1909f56bfc062723c751e8b465ee728b)
Start importing Assets/Prefabs/Orc/1 Nazgrel.prefab using Guid(0a234294b930c044aba17f0f728b9bfe) Importer(815301076,1909f56bfc062723c751e8b465ee728b)  -> (artifact id: '67ec30a8c39df70e6a922d1d6fddd45e') in 0.078330 seconds 
========================================================================
Received Import Request.
  Time since last request: 0.000133 seconds.
  path: Assets/Prefabs/Orc/5 Kilrogg.prefab
  artifactKey: Guid(9d7135f9a4f03fe4b89ae69032dc1e49) Importer(815301076,1909f56bfc062723c751e8b465ee728b)
Start importing Assets/Prefabs/Orc/5 Kilrogg.prefab using Guid(9d7135f9a4f03fe4b89ae69032dc1e49) Importer(815301076,1909f56bfc062723c751e8b465ee728b)  -> (artifact id: '755b189fdd3d9a0d5f06947ebc25790c') in 0.081883 seconds 
========================================================================
Received Import Request.
  Time since last request: 0.000164 seconds.
  path: Assets/Prefabs/Orc/14 Volcano paradise.prefab
  artifactKey: Guid(528de99dc9a9188469b956c1e2e8b3d4) Importer(815301076,1909f56bfc062723c751e8b465ee728b)
Start importing Assets/Prefabs/Orc/14 Volcano paradise.prefab using Guid(528de99dc9a9188469b956c1e2e8b3d4) Importer(815301076,1909f56bfc062723c751e8b465ee728b)  -> (artifact id: '9d9e57c65694b54d7271ac8cad2131ce') in 0.065928 seconds 
========================================================================
Received Import Request.
  Time since last request: 0.000154 seconds.
  path: Assets/Prefabs/Orc/17 Sauron.prefab
  artifactKey: Guid(4ee4bad65045ecf41aa9fdd39a7675e8) Importer(815301076,1909f56bfc062723c751e8b465ee728b)
Start importing Assets/Prefabs/Orc/17 Sauron.prefab using Guid(4ee4bad65045ecf41aa9fdd39a7675e8) Importer(815301076,1909f56bfc062723c751e8b465ee728b)  -> (artifact id: '4aed0c4098c69b7043bc302860240143') in 0.072659 seconds 
========================================================================
Received Import Request.
  Time since last request: 0.000108 seconds.
  path: Assets/Prefabs/Orc/4 Thrall.prefab
  artifactKey: Guid(e33599c11d611ef4c82089432916fd0e) Importer(815301076,1909f56bfc062723c751e8b465ee728b)
Start importing Assets/Prefabs/Orc/4 Thrall.prefab using Guid(e33599c11d611ef4c82089432916fd0e) Importer(815301076,1909f56bfc062723c751e8b465ee728b)  -> (artifact id: '81735ae5eddb5c19dd6616b1bf51fd51') in 0.076617 seconds 
========================================================================
Received Import Request.
  Time since last request: 0.000180 seconds.
  path: Assets/Sprites/Mazo orc/Card_Orc12.jpg
  artifactKey: Guid(c38f19eab7f7f3e48ac9e19d8fef3076) Importer(815301076,1909f56bfc062723c751e8b465ee728b)
Start importing Assets/Sprites/Mazo orc/Card_Orc12.jpg using Guid(c38f19eab7f7f3e48ac9e19d8fef3076) Importer(815301076,1909f56bfc062723c751e8b465ee728b)  -> (artifact id: '28519fb649b44beea14ae20201ec50e0') in 3.202151 seconds 
========================================================================
Received Import Request.
  Time since last request: 0.000186 seconds.
  path: Assets/Sprites/Mazo orc/Card_Orc13.jpg
  artifactKey: Guid(0415ca3a72ef6834db47bb5f0481a4a7) Importer(815301076,1909f56bfc062723c751e8b465ee728b)
Start importing Assets/Sprites/Mazo orc/Card_Orc13.jpg using Guid(0415ca3a72ef6834db47bb5f0481a4a7) Importer(815301076,1909f56bfc062723c751e8b465ee728b)  -> (artifact id: 'fccd508448fc52e4b4c346575b79652f') in 1.302710 seconds 
========================================================================
Received Import Request.
  Time since last request: 0.000022 seconds.
  path: Assets/Sprites/Mazo orc/Card_Orc9.jpg
  artifactKey: Guid(0a56e054dce8374489e8b43c63623e6a) Importer(815301076,1909f56bfc062723c751e8b465ee728b)
Start importing Assets/Sprites/Mazo orc/Card_Orc9.jpg using Guid(0a56e054dce8374489e8b43c63623e6a) Importer(815301076,1909f56bfc062723c751e8b465ee728b)  -> (artifact id: 'a78fa1f659243553089e7ce7f2afdd15') in 0.318843 seconds 
========================================================================
Received Import Request.
  Time since last request: 0.000034 seconds.
  path: Assets/Sprites/Mazo orc/Card_Orc7.jpg
  artifactKey: Guid(69220b24f20f6c441a122a8b245c7a19) Importer(815301076,1909f56bfc062723c751e8b465ee728b)
Start importing Assets/Sprites/Mazo orc/Card_Orc7.jpg using Guid(69220b24f20f6c441a122a8b245c7a19) Importer(815301076,1909f56bfc062723c751e8b465ee728b)  -> (artifact id: '747bd6ecb0342dee219ea06fd6c604c7') in 0.378918 seconds 
========================================================================
Received Import Request.
  Time since last request: 0.000025 seconds.
  path: Assets/Prefabs/Orc/6 Rekkar.prefab
  artifactKey: Guid(48c3a52b5140d9e4fb506889b54a68f3) Importer(815301076,1909f56bfc062723c751e8b465ee728b)
Start importing Assets/Prefabs/Orc/6 Rekkar.prefab using Guid(48c3a52b5140d9e4fb506889b54a68f3) Importer(815301076,1909f56bfc062723c751e8b465ee728b)  -> (artifact id: '754fb2584f62f754f79a9ff830c321fe') in 0.011560 seconds 
========================================================================
Received Import Request.
  Time since last request: 0.000030 seconds.
  path: Assets/Prefabs/Orc/9 Durotar.prefab
  artifactKey: Guid(78d36017e387c184182854c902b1a33f) Importer(815301076,1909f56bfc062723c751e8b465ee728b)
Start importing Assets/Prefabs/Orc/9 Durotar.prefab using Guid(78d36017e387c184182854c902b1a33f) Importer(815301076,1909f56bfc062723c751e8b465ee728b)  -> (artifact id: '2f0e2c7706bb1dcc8beab8b630b37fe9') in 0.012169 seconds 
========================================================================
Received Import Request.
  Time since last request: 0.000023 seconds.
  path: Assets/Prefabs/Orc/16 Blood Posion.prefab
  artifactKey: Guid(1fd7f09c2c764154d8f7773dc53bd4b7) Importer(815301076,1909f56bfc062723c751e8b465ee728b)
Start importing Assets/Prefabs/Orc/16 Blood Posion.prefab using Guid(1fd7f09c2c764154d8f7773dc53bd4b7) Importer(815301076,1909f56bfc062723c751e8b465ee728b)  -> (artifact id: 'ad2527fa63b66352473f446236636c21') in 0.010726 seconds 
========================================================================
Received Import Request.
  Time since last request: 9.340801 seconds.
  path: Assets/Prefabs/Orc/1 Nazgrel.prefab
  artifactKey: Guid(0a234294b930c044aba17f0f728b9bfe) Importer(815301076,1909f56bfc062723c751e8b465ee728b)
Start importing Assets/Prefabs/Orc/1 Nazgrel.prefab using Guid(0a234294b930c044aba17f0f728b9bfe) Importer(815301076,1909f56bfc062723c751e8b465ee728b)  -> (artifact id: '2fb8dcb4bfb35402445325105485302e') in 0.029823 seconds 
========================================================================
Received Import Request.
  Time since last request: 18.301814 seconds.
  path: Assets/Prefabs/Orc/1 Nazgrel.prefab
  artifactKey: Guid(0a234294b930c044aba17f0f728b9bfe) Importer(815301076,1909f56bfc062723c751e8b465ee728b)
Start importing Assets/Prefabs/Orc/1 Nazgrel.prefab using Guid(0a234294b930c044aba17f0f728b9bfe) Importer(815301076,1909f56bfc062723c751e8b465ee728b)  -> (artifact id: '9f2b196fc1cb9b84e1e62cddd1f28140') in 0.035989 seconds 
========================================================================
Received Import Request.
  Time since last request: 19.345796 seconds.
  path: Assets/Prefabs/Orc/2 Broxigar.prefab
  artifactKey: Guid(8d0dfdc4c49e3f041a9818c864954703) Importer(815301076,1909f56bfc062723c751e8b465ee728b)
Start importing Assets/Prefabs/Orc/2 Broxigar.prefab using Guid(8d0dfdc4c49e3f041a9818c864954703) Importer(815301076,1909f56bfc062723c751e8b465ee728b)  -> (artifact id: '054611f48af479e7901e1bb63e825ec5') in 0.032912 seconds 
========================================================================
Received Import Request.
  Time since last request: 22.455711 seconds.
  path: Assets/Prefabs/Orc/3 Zul'Jin.prefab
  artifactKey: Guid(b42eeb18f89beff4b8989bf03eff18a1) Importer(815301076,1909f56bfc062723c751e8b465ee728b)
Start importing Assets/Prefabs/Orc/3 Zul'Jin.prefab using Guid(b42eeb18f89beff4b8989bf03eff18a1) Importer(815301076,1909f56bfc062723c751e8b465ee728b)  -> (artifact id: '62b398dcaf8386d6c7e653d55827f037') in 0.020637 seconds 
========================================================================
Received Import Request.
  Time since last request: 18.151479 seconds.
  path: Assets/Prefabs/Orc/4 Thrall.prefab
  artifactKey: Guid(e33599c11d611ef4c82089432916fd0e) Importer(815301076,1909f56bfc062723c751e8b465ee728b)
Start importing Assets/Prefabs/Orc/4 Thrall.prefab using Guid(e33599c11d611ef4c82089432916fd0e) Importer(815301076,1909f56bfc062723c751e8b465ee728b)  -> (artifact id: 'ec1199ab7b2d1c444bfdd72d2c3cf208') in 0.019064 seconds 
========================================================================
Received Import Request.
  Time since last request: 15.628797 seconds.
  path: Assets/Prefabs/Orc/4 Thrall.prefab
  artifactKey: Guid(e33599c11d611ef4c82089432916fd0e) Importer(815301076,1909f56bfc062723c751e8b465ee728b)
Start importing Assets/Prefabs/Orc/4 Thrall.prefab using Guid(e33599c11d611ef4c82089432916fd0e) Importer(815301076,1909f56bfc062723c751e8b465ee728b)  -> (artifact id: '49cf1e0d2b0ea0011be8ad679545fbca') in 0.020589 seconds 
========================================================================
Received Import Request.
  Time since last request: 14.980597 seconds.
  path: Assets/Prefabs/Orc/5 Kilrogg.prefab
  artifactKey: Guid(9d7135f9a4f03fe4b89ae69032dc1e49) Importer(815301076,1909f56bfc062723c751e8b465ee728b)
Start importing Assets/Prefabs/Orc/5 Kilrogg.prefab using Guid(9d7135f9a4f03fe4b89ae69032dc1e49) Importer(815301076,1909f56bfc062723c751e8b465ee728b)  -> (artifact id: 'e2e540111436db629ccf28470c35aa58') in 0.023428 seconds 
========================================================================
Received Import Request.
  Time since last request: 17.396396 seconds.
  path: Assets/Prefabs/Orc/6 Rekkar.prefab
  artifactKey: Guid(48c3a52b5140d9e4fb506889b54a68f3) Importer(815301076,1909f56bfc062723c751e8b465ee728b)
Start importing Assets/Prefabs/Orc/6 Rekkar.prefab using Guid(48c3a52b5140d9e4fb506889b54a68f3) Importer(815301076,1909f56bfc062723c751e8b465ee728b)  -> (artifact id: '449fb4e6ed1b5e3169687d3f5685b960') in 0.021262 seconds 
========================================================================
Received Import Request.
  Time since last request: 18.985823 seconds.
  path: Assets/Prefabs/Orc/6 Rekkar.prefab
  artifactKey: Guid(48c3a52b5140d9e4fb506889b54a68f3) Importer(815301076,1909f56bfc062723c751e8b465ee728b)
Start importing Assets/Prefabs/Orc/6 Rekkar.prefab using Guid(48c3a52b5140d9e4fb506889b54a68f3) Importer(815301076,1909f56bfc062723c751e8b465ee728b)  -> (artifact id: '02270f169443952158e3da5b236198b3') in 0.375317 seconds 
========================================================================
Received Import Request.
  Time since last request: 90.887075 seconds.
  path: Assets/Prefabs/Orc/7 Grommash.prefab
  artifactKey: Guid(5d9dd3e8631adfe4489a97509ec968d0) Importer(815301076,1909f56bfc062723c751e8b465ee728b)
Start importing Assets/Prefabs/Orc/7 Grommash.prefab using Guid(5d9dd3e8631adfe4489a97509ec968d0) Importer(815301076,1909f56bfc062723c751e8b465ee728b)  -> (artifact id: 'df7348de4a70266caef0bb33536384be') in 0.019971 seconds 
========================================================================
Received Import Request.
  Time since last request: 13.918397 seconds.
  path: Assets/Prefabs/Orc/8 Rend.prefab
  artifactKey: Guid(ca9c9b8b43665c749b67b0589bc28c3b) Importer(815301076,1909f56bfc062723c751e8b465ee728b)
Start importing Assets/Prefabs/Orc/8 Rend.prefab using Guid(ca9c9b8b43665c749b67b0589bc28c3b) Importer(815301076,1909f56bfc062723c751e8b465ee728b)  -> (artifact id: '85a41725e1b72191722591739d1fab9e') in 0.046485 seconds 
========================================================================
Received Import Request.
  Time since last request: 9.180407 seconds.
  path: Assets/Prefabs/Orc/8 Rend.prefab
  artifactKey: Guid(ca9c9b8b43665c749b67b0589bc28c3b) Importer(815301076,1909f56bfc062723c751e8b465ee728b)
Start importing Assets/Prefabs/Orc/8 Rend.prefab using Guid(ca9c9b8b43665c749b67b0589bc28c3b) Importer(815301076,1909f56bfc062723c751e8b465ee728b)  -> (artifact id: 'c6391f133689aafdea4540d825564054') in 0.019474 seconds 
========================================================================
Received Import Request.
  Time since last request: 15.429659 seconds.
  path: Assets/Prefabs/Orc/9 Durotar.prefab
  artifactKey: Guid(78d36017e387c184182854c902b1a33f) Importer(815301076,1909f56bfc062723c751e8b465ee728b)
Start importing Assets/Prefabs/Orc/9 Durotar.prefab using Guid(78d36017e387c184182854c902b1a33f) Importer(815301076,1909f56bfc062723c751e8b465ee728b)  -> (artifact id: 'b0d40992afe739cc0b48de6fe6bf7b73') in 0.018902 seconds 
========================================================================
Received Import Request.
  Time since last request: 18.962706 seconds.
  path: Assets/Prefabs/Orc/10 Blackhand.prefab
  artifactKey: Guid(8cecc8a035fd439459e164443792ac12) Importer(815301076,1909f56bfc062723c751e8b465ee728b)
Start importing Assets/Prefabs/Orc/10 Blackhand.prefab using Guid(8cecc8a035fd439459e164443792ac12) Importer(815301076,1909f56bfc062723c751e8b465ee728b)  -> (artifact id: 'a5cec85340208a69a541e234b50eff49') in 0.020894 seconds 
========================================================================
Received Import Request.
  Time since last request: 16.438763 seconds.
  path: Assets/Prefabs/Orc/10 Blackhand.prefab
  artifactKey: Guid(8cecc8a035fd439459e164443792ac12) Importer(815301076,1909f56bfc062723c751e8b465ee728b)
Start importing Assets/Prefabs/Orc/10 Blackhand.prefab using Guid(8cecc8a035fd439459e164443792ac12) Importer(815301076,1909f56bfc062723c751e8b465ee728b)  -> (artifact id: 'fb3270ea3602d4dad9fb2ab195550c67') in 0.019499 seconds 
========================================================================
Received Import Request.
  Time since last request: 6.113866 seconds.
  path: Assets/Prefabs/Orc/11 Raz'Algul.prefab
  artifactKey: Guid(78a3a1d896e50414fbbbd25ed8152c17) Importer(815301076,1909f56bfc062723c751e8b465ee728b)
Start importing Assets/Prefabs/Orc/11 Raz'Algul.prefab using Guid(78a3a1d896e50414fbbbd25ed8152c17) Importer(815301076,1909f56bfc062723c751e8b465ee728b)  -> (artifact id: 'ca466d3375f93efa9275369ffd8fbac5') in 0.652941 seconds 
========================================================================
Received Import Request.
  Time since last request: 13.577901 seconds.
  path: Assets/Prefabs/Orc/11 Raz'Algul.prefab
  artifactKey: Guid(78a3a1d896e50414fbbbd25ed8152c17) Importer(815301076,1909f56bfc062723c751e8b465ee728b)
Start importing Assets/Prefabs/Orc/11 Raz'Algul.prefab using Guid(78a3a1d896e50414fbbbd25ed8152c17) Importer(815301076,1909f56bfc062723c751e8b465ee728b)  -> (artifact id: 'f761773e62ae6901dfc45de6fb3824e4') in 0.020063 seconds 
========================================================================
Received Import Request.
  Time since last request: 9.826716 seconds.
  path: Assets/Prefabs/Orc/12 Draka.prefab
  artifactKey: Guid(2793a359e0988504bbaf8d66f0c5fe14) Importer(815301076,1909f56bfc062723c751e8b465ee728b)
Start importing Assets/Prefabs/Orc/12 Draka.prefab using Guid(2793a359e0988504bbaf8d66f0c5fe14) Importer(815301076,1909f56bfc062723c751e8b465ee728b)  -> (artifact id: '2bed16b933414e1a88478c56c55df507') in 0.019806 seconds 
========================================================================
Received Import Request.
  Time since last request: 6.982647 seconds.
  path: Assets/Prefabs/Orc/12 Draka.prefab
  artifactKey: Guid(2793a359e0988504bbaf8d66f0c5fe14) Importer(815301076,1909f56bfc062723c751e8b465ee728b)
Start importing Assets/Prefabs/Orc/12 Draka.prefab using Guid(2793a359e0988504bbaf8d66f0c5fe14) Importer(815301076,1909f56bfc062723c751e8b465ee728b)  -> (artifact id: '28fd8934658064d29c82d2e6223dbada') in 0.198692 seconds 
========================================================================
Received Import Request.
  Time since last request: 6.660035 seconds.
  path: Assets/Prefabs/Orc/13 Mordor.prefab
  artifactKey: Guid(c953c3398987d434a91eb6855cccb151) Importer(815301076,1909f56bfc062723c751e8b465ee728b)
Start importing Assets/Prefabs/Orc/13 Mordor.prefab using Guid(c953c3398987d434a91eb6855cccb151) Importer(815301076,1909f56bfc062723c751e8b465ee728b)  -> (artifact id: 'd69ea8c03a03784b0913333112c625f7') in 0.163091 seconds 
========================================================================
Received Import Request.
  Time since last request: 10.073983 seconds.
  path: Assets/Prefabs/Orc/13 Mordor.prefab
  artifactKey: Guid(c953c3398987d434a91eb6855cccb151) Importer(815301076,1909f56bfc062723c751e8b465ee728b)
Start importing Assets/Prefabs/Orc/13 Mordor.prefab using Guid(c953c3398987d434a91eb6855cccb151) Importer(815301076,1909f56bfc062723c751e8b465ee728b)  -> (artifact id: '5afe67273dca27f83464da945cb5fab3') in 0.019918 seconds 
========================================================================
Received Import Request.
  Time since last request: 8.212437 seconds.
  path: Assets/Prefabs/Orc/14 Volcano paradise.prefab
  artifactKey: Guid(528de99dc9a9188469b956c1e2e8b3d4) Importer(815301076,1909f56bfc062723c751e8b465ee728b)
Start importing Assets/Prefabs/Orc/14 Volcano paradise.prefab using Guid(528de99dc9a9188469b956c1e2e8b3d4) Importer(815301076,1909f56bfc062723c751e8b465ee728b)  -> (artifact id: '9b6d4ccc0f1168fa984aa87506b68206') in 0.018587 seconds 
========================================================================
Received Import Request.
  Time since last request: 13.369560 seconds.
  path: Assets/Prefabs/Orc/14 Volcano paradise.prefab
  artifactKey: Guid(528de99dc9a9188469b956c1e2e8b3d4) Importer(815301076,1909f56bfc062723c751e8b465ee728b)
Start importing Assets/Prefabs/Orc/14 Volcano paradise.prefab using Guid(528de99dc9a9188469b956c1e2e8b3d4) Importer(815301076,1909f56bfc062723c751e8b465ee728b)  -> (artifact id: 'ecd297acae38872e2cb1055cb1c4704a') in 0.018901 seconds 
========================================================================
Received Import Request.
  Time since last request: 11.581395 seconds.
  path: Assets/Prefabs/Orc/16 Blood Posion 1.prefab
  artifactKey: Guid(857930633cb282c4ca75f0caddaccbc8) Importer(815301076,1909f56bfc062723c751e8b465ee728b)
Start importing Assets/Prefabs/Orc/16 Blood Posion 1.prefab using Guid(857930633cb282c4ca75f0caddaccbc8) Importer(815301076,1909f56bfc062723c751e8b465ee728b)  -> (artifact id: 'affc4630247b86946f961cacbb6d77f1') in 0.008945 seconds 
========================================================================
Received Import Request.
  Time since last request: 8.526608 seconds.
  path: Assets/Prefabs/Orc/15 Death Posion.prefab
  artifactKey: Guid(9c9ddb0caad44c84192a8b5301923837) Importer(815301076,1909f56bfc062723c751e8b465ee728b)
Start importing Assets/Prefabs/Orc/15 Death Posion.prefab using Guid(9c9ddb0caad44c84192a8b5301923837) Importer(815301076,1909f56bfc062723c751e8b465ee728b)  -> (artifact id: 'f338d967dc3c56a074a0dce1128ee307') in 0.260950 seconds 
========================================================================
Received Import Request.
  Time since last request: 7.343541 seconds.
  path: Assets/Prefabs/Orc/16 Blood Posion.prefab
  artifactKey: Guid(1fd7f09c2c764154d8f7773dc53bd4b7) Importer(815301076,1909f56bfc062723c751e8b465ee728b)
Start importing Assets/Prefabs/Orc/16 Blood Posion.prefab using Guid(1fd7f09c2c764154d8f7773dc53bd4b7) Importer(815301076,1909f56bfc062723c751e8b465ee728b)  -> (artifact id: '38c6851f872ff087fa15f13a9c30c33a') in 0.023276 seconds 
========================================================================
Received Import Request.
  Time since last request: 7.786487 seconds.
  path: Assets/Prefabs/Orc/16 Blood Posion 1.prefab
  artifactKey: Guid(857930633cb282c4ca75f0caddaccbc8) Importer(815301076,1909f56bfc062723c751e8b465ee728b)
Start importing Assets/Prefabs/Orc/16 Blood Posion 1.prefab using Guid(857930633cb282c4ca75f0caddaccbc8) Importer(815301076,1909f56bfc062723c751e8b465ee728b)  -> (artifact id: '1a4c2718ed66cd217c0da3dab4bc2040') in 0.019237 seconds 
========================================================================
Received Import Request.
  Time since last request: 5.862929 seconds.
  path: Assets/Prefabs/Orc/17 Sauron.prefab
  artifactKey: Guid(4ee4bad65045ecf41aa9fdd39a7675e8) Importer(815301076,1909f56bfc062723c751e8b465ee728b)
Start importing Assets/Prefabs/Orc/17 Sauron.prefab using Guid(4ee4bad65045ecf41aa9fdd39a7675e8) Importer(815301076,1909f56bfc062723c751e8b465ee728b)  -> (artifact id: 'a79d431fba6ef2874ea52f3daf18a6aa') in 0.752085 seconds 
========================================================================
Received Import Request.
  Time since last request: 32.860607 seconds.
  path: Assets/Prefabs/Orc/1 Nazgrel.prefab
  artifactKey: Guid(0a234294b930c044aba17f0f728b9bfe) Importer(815301076,1909f56bfc062723c751e8b465ee728b)
Start importing Assets/Prefabs/Orc/1 Nazgrel.prefab using Guid(0a234294b930c044aba17f0f728b9bfe) Importer(815301076,1909f56bfc062723c751e8b465ee728b)  -> (artifact id: 'aa5a2e221a9a0ff8b644705884e55b00') in 0.020433 seconds 
========================================================================
Received Import Request.
  Time since last request: 1.886152 seconds.
  path: Assets/Prefabs/Orc/2 Broxigar.prefab
  artifactKey: Guid(8d0dfdc4c49e3f041a9818c864954703) Importer(815301076,1909f56bfc062723c751e8b465ee728b)
Start importing Assets/Prefabs/Orc/2 Broxigar.prefab using Guid(8d0dfdc4c49e3f041a9818c864954703) Importer(815301076,1909f56bfc062723c751e8b465ee728b)  -> (artifact id: '701497d945d2a05d6bb33b66b77df1b7') in 0.333730 seconds 
========================================================================
Received Import Request.
  Time since last request: 0.000027 seconds.
  path: Assets/Prefabs/Orc/13 Mordor.prefab
  artifactKey: Guid(c953c3398987d434a91eb6855cccb151) Importer(815301076,1909f56bfc062723c751e8b465ee728b)
Start importing Assets/Prefabs/Orc/13 Mordor.prefab using Guid(c953c3398987d434a91eb6855cccb151) Importer(815301076,1909f56bfc062723c751e8b465ee728b)  -> (artifact id: '10c8eaa78026d68e3b63fce659686e42') in 0.025121 seconds 
========================================================================
Received Import Request.
  Time since last request: 0.000029 seconds.
  path: Assets/Prefabs/Orc/4 Thrall.prefab
  artifactKey: Guid(e33599c11d611ef4c82089432916fd0e) Importer(815301076,1909f56bfc062723c751e8b465ee728b)
Start importing Assets/Prefabs/Orc/4 Thrall.prefab using Guid(e33599c11d611ef4c82089432916fd0e) Importer(815301076,1909f56bfc062723c751e8b465ee728b)  -> (artifact id: '56cdc70fd0aeca61437c71a319af3748') in 0.022964 seconds 
========================================================================
Received Import Request.
  Time since last request: 0.000022 seconds.
  path: Assets/Prefabs/Orc/9 Durotar.prefab
  artifactKey: Guid(78d36017e387c184182854c902b1a33f) Importer(815301076,1909f56bfc062723c751e8b465ee728b)
Start importing Assets/Prefabs/Orc/9 Durotar.prefab using Guid(78d36017e387c184182854c902b1a33f) Importer(815301076,1909f56bfc062723c751e8b465ee728b)  -> (artifact id: '34d0341471729e0e2bed1d9706f85fd8') in 0.022067 seconds 
========================================================================
Received Import Request.
  Time since last request: 0.000036 seconds.
  path: Assets/Prefabs/Orc/16 Blood Posion.prefab
  artifactKey: Guid(1fd7f09c2c764154d8f7773dc53bd4b7) Importer(815301076,1909f56bfc062723c751e8b465ee728b)
Start importing Assets/Prefabs/Orc/16 Blood Posion.prefab using Guid(1fd7f09c2c764154d8f7773dc53bd4b7) Importer(815301076,1909f56bfc062723c751e8b465ee728b)  -> (artifact id: 'ae017750c897486b17d50e89e1a6d726') in 0.021285 seconds 
========================================================================
Received Import Request.
  Time since last request: 0.000019 seconds.
  path: Assets/Prefabs/Orc/6 Rekkar.prefab
  artifactKey: Guid(48c3a52b5140d9e4fb506889b54a68f3) Importer(815301076,1909f56bfc062723c751e8b465ee728b)
Start importing Assets/Prefabs/Orc/6 Rekkar.prefab using Guid(48c3a52b5140d9e4fb506889b54a68f3) Importer(815301076,1909f56bfc062723c751e8b465ee728b)  -> (artifact id: '68b99700d1bedd763b19572defe0a72b') in 0.077847 seconds 
========================================================================
Received Import Request.
  Time since last request: 21.164431 seconds.
  path: Assets/Prefabs/Orc/9 Durotar.prefab
  artifactKey: Guid(78d36017e387c184182854c902b1a33f) Importer(815301076,1909f56bfc062723c751e8b465ee728b)
Start importing Assets/Prefabs/Orc/9 Durotar.prefab using Guid(78d36017e387c184182854c902b1a33f) Importer(815301076,1909f56bfc062723c751e8b465ee728b)  -> (artifact id: '659f79548c572c49420449c5cbe77317') in 0.019868 seconds 
========================================================================
Received Prepare
Registering precompiled user dll's ...
Registered in 0.002632 seconds.
Begin MonoManager ReloadAssembly
Native extension for WindowsStandalone target not found
Refreshing native plugins compatible for Editor in 0.66 ms, found 3 plugins.
Preloading 0 native plugins for Editor in 0.00 ms.
Mono: successfully reloaded assembly
- Completed reload, in  1.183 seconds
Domain Reload Profiling:
	ReloadAssembly (1203ms)
		BeginReloadAssembly (226ms)
			ExecutionOrderSort (0ms)
			DisableScriptedObjects (8ms)
			BackupInstance (0ms)
			ReleaseScriptingObjects (0ms)
			CreateAndSetChildDomain (94ms)
		EndReloadAssembly (881ms)
			LoadAssemblies (86ms)
			RebuildTransferFunctionScriptingTraits (0ms)
			SetupTypeCache (262ms)
				TypeCache.Initialize (256ms)
					TypeCache.ScanAssembly (246ms)
				ResolveRequiredComponents (6ms)
			ReleaseScriptCaches (1ms)
			RebuildScriptCaches (41ms)
			SetupLoadedEditorAssemblies (442ms)
				LogAssemblyErrors (0ms)
				InitializePlatformSupportModulesInManaged (12ms)
				SetLoadedEditorAssemblies (7ms)
				RefreshPlugins (1ms)
				BeforeProcessingInitializeOnLoad (52ms)
				ProcessInitializeOnLoadAttributes (333ms)
				ProcessInitializeOnLoadMethodAttributes (30ms)
				AfterProcessingInitializeOnLoad (8ms)
				EditorAssembliesLoaded (0ms)
			ExecutionOrderSort2 (0ms)
			AwakeInstancesAfterBackupRestoration (10ms)
Platform modules already initialized, skipping
Refreshing native plugins compatible for Editor in 11.26 ms, found 3 plugins.
Preloading 0 native plugins for Editor in 0.00 ms.
Unloading 2983 Unused Serialized files (Serialized files now loaded: 0)
Unloading 16 unused Assets / (25.4 KB). Loaded Objects now: 3487.
Memory consumption went from 468.0 MB to 468.0 MB.
Total: 28.613900 ms (FindLiveObjects: 1.476500 ms CreateObjectMapping: 0.738600 ms MarkObjects: 26.044700 ms  DeleteObjects: 0.345600 ms)

AssetImportParameters requested are different than current active one (requested -> active):
  custom:video-decoder-ogg-theora: a1e56fd34408186e4bbccfd4996cb3dc -> 
  custom:container-muxer-webm: aa71ff27fc2769a1b78a27578f13a17b -> 
  custom:container-demuxer-webm: 4f35f7cbe854078d1ac9338744f61a02 -> 
  custom:video-encoder-webm-vp8: eb34c28f22e8b96e1ab97ce403110664 -> 
  custom:video-codec-MediaFoundation-h265: 746d11721c4dcdbdad8f713fa42b33f4 -> 
  custom:audio-encoder-webm-vorbis: bf7c407c2cedff20999df2af8eb42d56 -> 
  custom:framework-win-MediaFoundation: 216162199b28c13a410421893ffa2e32 -> 
  custom:container-demuxer-ogg: 62fdf1f143b41e24485cea50d1cbac27 -> 
  custom:video-decoder-webm-vp8: 9c59270c3fd7afecdb556c50c9e8de78 -> 
  custom:audio-decoder-ogg-vorbis: bf7c407c2cedff20999df2af8eb42d56 -> 
========================================================================
Received Prepare
Registering precompiled user dll's ...
Registered in 0.002393 seconds.
Begin MonoManager ReloadAssembly
Native extension for WindowsStandalone target not found
Refreshing native plugins compatible for Editor in 1.51 ms, found 3 plugins.
Preloading 0 native plugins for Editor in 0.00 ms.
Mono: successfully reloaded assembly
- Completed reload, in  2.611 seconds
Domain Reload Profiling:
	ReloadAssembly (2616ms)
		BeginReloadAssembly (109ms)
			ExecutionOrderSort (0ms)
			DisableScriptedObjects (5ms)
			BackupInstance (0ms)
			ReleaseScriptingObjects (0ms)
			CreateAndSetChildDomain (32ms)
		EndReloadAssembly (2426ms)
			LoadAssemblies (59ms)
			RebuildTransferFunctionScriptingTraits (0ms)
			SetupTypeCache (178ms)
				TypeCache.Initialize (175ms)
					TypeCache.ScanAssembly (170ms)
				ResolveRequiredComponents (3ms)
			ReleaseScriptCaches (1ms)
			RebuildScriptCaches (55ms)
			SetupLoadedEditorAssemblies (1825ms)
				LogAssemblyErrors (0ms)
				InitializePlatformSupportModulesInManaged (14ms)
				SetLoadedEditorAssemblies (9ms)
				RefreshPlugins (2ms)
				BeforeProcessingInitializeOnLoad (70ms)
				ProcessInitializeOnLoadAttributes (1483ms)
				ProcessInitializeOnLoadMethodAttributes (198ms)
				AfterProcessingInitializeOnLoad (48ms)
				EditorAssembliesLoaded (1ms)
			ExecutionOrderSort2 (0ms)
			AwakeInstancesAfterBackupRestoration (58ms)
Platform modules already initialized, skipping
Refreshing native plugins compatible for Editor in 9.26 ms, found 3 plugins.
Preloading 0 native plugins for Editor in 0.00 ms.
Unloading 2984 Unused Serialized files (Serialized files now loaded: 0)
Unloading 16 unused Assets / (32.6 KB). Loaded Objects now: 3490.
Memory consumption went from 468.3 MB to 468.2 MB.
Total: 23.002600 ms (FindLiveObjects: 1.146500 ms CreateObjectMapping: 0.838800 ms MarkObjects: 20.722400 ms  DeleteObjects: 0.285300 ms)

AssetImportParameters requested are different than current active one (requested -> active):
  custom:video-decoder-ogg-theora: a1e56fd34408186e4bbccfd4996cb3dc -> 
  custom:container-muxer-webm: aa71ff27fc2769a1b78a27578f13a17b -> 
  custom:container-demuxer-webm: 4f35f7cbe854078d1ac9338744f61a02 -> 
  custom:video-encoder-webm-vp8: eb34c28f22e8b96e1ab97ce403110664 -> 
  custom:video-codec-MediaFoundation-h265: 746d11721c4dcdbdad8f713fa42b33f4 -> 
  custom:audio-encoder-webm-vorbis: bf7c407c2cedff20999df2af8eb42d56 -> 
  custom:framework-win-MediaFoundation: 216162199b28c13a410421893ffa2e32 -> 
  custom:container-demuxer-ogg: 62fdf1f143b41e24485cea50d1cbac27 -> 
  custom:video-decoder-webm-vp8: 9c59270c3fd7afecdb556c50c9e8de78 -> 
  custom:audio-decoder-ogg-vorbis: bf7c407c2cedff20999df2af8eb42d56 -> 
========================================================================
Received Prepare
Registering precompiled user dll's ...
Registered in 0.002641 seconds.
Begin MonoManager ReloadAssembly
Native extension for WindowsStandalone target not found
Refreshing native plugins compatible for Editor in 1.18 ms, found 3 plugins.
Preloading 0 native plugins for Editor in 0.00 ms.
Mono: successfully reloaded assembly
- Completed reload, in  0.965 seconds
Domain Reload Profiling:
	ReloadAssembly (965ms)
		BeginReloadAssembly (107ms)
			ExecutionOrderSort (0ms)
			DisableScriptedObjects (4ms)
			BackupInstance (0ms)
			ReleaseScriptingObjects (0ms)
			CreateAndSetChildDomain (30ms)
		EndReloadAssembly (779ms)
			LoadAssemblies (61ms)
			RebuildTransferFunctionScriptingTraits (0ms)
			SetupTypeCache (173ms)
				TypeCache.Initialize (169ms)
					TypeCache.ScanAssembly (163ms)
				ResolveRequiredComponents (4ms)
			ReleaseScriptCaches (1ms)
			RebuildScriptCaches (50ms)
			SetupLoadedEditorAssemblies (406ms)
				LogAssemblyErrors (0ms)
				InitializePlatformSupportModulesInManaged (14ms)
				SetLoadedEditorAssemblies (10ms)
				RefreshPlugins (1ms)
				BeforeProcessingInitializeOnLoad (60ms)
				ProcessInitializeOnLoadAttributes (290ms)
				ProcessInitializeOnLoadMethodAttributes (23ms)
				AfterProcessingInitializeOnLoad (6ms)
				EditorAssembliesLoaded (0ms)
			ExecutionOrderSort2 (0ms)
			AwakeInstancesAfterBackupRestoration (8ms)
Platform modules already initialized, skipping
Refreshing native plugins compatible for Editor in 9.27 ms, found 3 plugins.
Preloading 0 native plugins for Editor in 0.00 ms.
Unloading 2984 Unused Serialized files (Serialized files now loaded: 0)
Unloading 16 unused Assets / (32.5 KB). Loaded Objects now: 3493.
Memory consumption went from 468.3 MB to 468.3 MB.
Total: 25.434400 ms (FindLiveObjects: 1.190700 ms CreateObjectMapping: 0.711600 ms MarkObjects: 23.255400 ms  DeleteObjects: 0.269600 ms)

AssetImportParameters requested are different than current active one (requested -> active):
  custom:video-decoder-ogg-theora: a1e56fd34408186e4bbccfd4996cb3dc -> 
  custom:container-muxer-webm: aa71ff27fc2769a1b78a27578f13a17b -> 
  custom:container-demuxer-webm: 4f35f7cbe854078d1ac9338744f61a02 -> 
  custom:video-encoder-webm-vp8: eb34c28f22e8b96e1ab97ce403110664 -> 
  custom:video-codec-MediaFoundation-h265: 746d11721c4dcdbdad8f713fa42b33f4 -> 
  custom:audio-encoder-webm-vorbis: bf7c407c2cedff20999df2af8eb42d56 -> 
  custom:framework-win-MediaFoundation: 216162199b28c13a410421893ffa2e32 -> 
  custom:container-demuxer-ogg: 62fdf1f143b41e24485cea50d1cbac27 -> 
  custom:video-decoder-webm-vp8: 9c59270c3fd7afecdb556c50c9e8de78 -> 
  custom:audio-decoder-ogg-vorbis: bf7c407c2cedff20999df2af8eb42d56 -> 
========================================================================
Received Import Request.
  Time since last request: 388.276014 seconds.
  path: Assets/Prefabs/Orc/1 Nazgrel.prefab
  artifactKey: Guid(0a234294b930c044aba17f0f728b9bfe) Importer(815301076,1909f56bfc062723c751e8b465ee728b)
Start importing Assets/Prefabs/Orc/1 Nazgrel.prefab using Guid(0a234294b930c044aba17f0f728b9bfe) Importer(815301076,1909f56bfc062723c751e8b465ee728b)  -> (artifact id: '249dd1e0591bb5bb27aed06a16dc8aeb') in 0.112145 seconds 
========================================================================
Received Import Request.
  Time since last request: 3.689666 seconds.
  path: Assets/Prefabs/Orc/2 Broxigar.prefab
  artifactKey: Guid(8d0dfdc4c49e3f041a9818c864954703) Importer(815301076,1909f56bfc062723c751e8b465ee728b)
Start importing Assets/Prefabs/Orc/2 Broxigar.prefab using Guid(8d0dfdc4c49e3f041a9818c864954703) Importer(815301076,1909f56bfc062723c751e8b465ee728b)  -> (artifact id: '6e717cda94f8eeae136bce352d56e226') in 0.026714 seconds 
========================================================================
Received Import Request.
  Time since last request: 0.000019 seconds.
  path: Assets/Prefabs/Orc/8 Rend.prefab
  artifactKey: Guid(ca9c9b8b43665c749b67b0589bc28c3b) Importer(815301076,1909f56bfc062723c751e8b465ee728b)
Start importing Assets/Prefabs/Orc/8 Rend.prefab using Guid(ca9c9b8b43665c749b67b0589bc28c3b) Importer(815301076,1909f56bfc062723c751e8b465ee728b)  -> (artifact id: '055ed875ef603c4fe5bc3e8fa70e16b7') in 0.084808 seconds 
========================================================================
Received Import Request.
  Time since last request: 0.000023 seconds.
  path: Assets/Prefabs/Orc/7 Grommash.prefab
  artifactKey: Guid(5d9dd3e8631adfe4489a97509ec968d0) Importer(815301076,1909f56bfc062723c751e8b465ee728b)
Start importing Assets/Prefabs/Orc/7 Grommash.prefab using Guid(5d9dd3e8631adfe4489a97509ec968d0) Importer(815301076,1909f56bfc062723c751e8b465ee728b)  -> (artifact id: '94a5755d00e952f21c77b2cd2bee0937') in 0.024599 seconds 
========================================================================
Received Import Request.
  Time since last request: 0.000026 seconds.
  path: Assets/Prefabs/Orc/12 Draka.prefab
  artifactKey: Guid(2793a359e0988504bbaf8d66f0c5fe14) Importer(815301076,1909f56bfc062723c751e8b465ee728b)
Start importing Assets/Prefabs/Orc/12 Draka.prefab using Guid(2793a359e0988504bbaf8d66f0c5fe14) Importer(815301076,1909f56bfc062723c751e8b465ee728b)  -> (artifact id: 'cfad9aea68fa89e74e53e47ec935ad27') in 0.025132 seconds 
========================================================================
Received Import Request.
  Time since last request: 0.000023 seconds.
  path: Assets/Prefabs/Orc/5 Kilrogg.prefab
  artifactKey: Guid(9d7135f9a4f03fe4b89ae69032dc1e49) Importer(815301076,1909f56bfc062723c751e8b465ee728b)
Start importing Assets/Prefabs/Orc/5 Kilrogg.prefab using Guid(9d7135f9a4f03fe4b89ae69032dc1e49) Importer(815301076,1909f56bfc062723c751e8b465ee728b)  -> (artifact id: '147730f80262310c286365d4778d230c') in 0.177553 seconds 
========================================================================
Received Import Request.
  Time since last request: 0.000027 seconds.
  path: Assets/Prefabs/Orc/14 Volcano paradise.prefab
  artifactKey: Guid(528de99dc9a9188469b956c1e2e8b3d4) Importer(815301076,1909f56bfc062723c751e8b465ee728b)
Start importing Assets/Prefabs/Orc/14 Volcano paradise.prefab using Guid(528de99dc9a9188469b956c1e2e8b3d4) Importer(815301076,1909f56bfc062723c751e8b465ee728b)  -> (artifact id: '5eae56d1d441db6f31095673ffb0178d') in 0.189048 seconds 
========================================================================
Received Import Request.
  Time since last request: 0.000027 seconds.
  path: Assets/Prefabs/Orc/16 Blood Posion 1.prefab
  artifactKey: Guid(857930633cb282c4ca75f0caddaccbc8) Importer(815301076,1909f56bfc062723c751e8b465ee728b)
Start importing Assets/Prefabs/Orc/16 Blood Posion 1.prefab using Guid(857930633cb282c4ca75f0caddaccbc8) Importer(815301076,1909f56bfc062723c751e8b465ee728b)  -> (artifact id: '4aff13faebc624991b702876d04242c2') in 0.026224 seconds 
========================================================================
Received Import Request.
  Time since last request: 0.000022 seconds.
  path: Assets/Prefabs/Orc/13 Mordor.prefab
  artifactKey: Guid(c953c3398987d434a91eb6855cccb151) Importer(815301076,1909f56bfc062723c751e8b465ee728b)
Start importing Assets/Prefabs/Orc/13 Mordor.prefab using Guid(c953c3398987d434a91eb6855cccb151) Importer(815301076,1909f56bfc062723c751e8b465ee728b)  -> (artifact id: '11ff4956eea88749a251298c4e032dec') in 0.458205 seconds 
========================================================================
Received Import Request.
  Time since last request: 0.000026 seconds.
  path: Assets/Prefabs/Orc/15 Death Posion.prefab
  artifactKey: Guid(9c9ddb0caad44c84192a8b5301923837) Importer(815301076,1909f56bfc062723c751e8b465ee728b)
Start importing Assets/Prefabs/Orc/15 Death Posion.prefab using Guid(9c9ddb0caad44c84192a8b5301923837) Importer(815301076,1909f56bfc062723c751e8b465ee728b)  -> (artifact id: '40f5c3aaa18f5f0aa98bf38f0c0dfafa') in 0.018615 seconds 
========================================================================
Received Import Request.
  Time since last request: 0.000024 seconds.
  path: Assets/Prefabs/Orc/9 Durotar.prefab
  artifactKey: Guid(78d36017e387c184182854c902b1a33f) Importer(815301076,1909f56bfc062723c751e8b465ee728b)
Start importing Assets/Prefabs/Orc/9 Durotar.prefab using Guid(78d36017e387c184182854c902b1a33f) Importer(815301076,1909f56bfc062723c751e8b465ee728b)  -> (artifact id: 'c111dcbb09c4dad605311fb583c2ddc5') in 0.017690 seconds 
========================================================================
Received Import Request.
  Time since last request: 0.000017 seconds.
  path: Assets/Prefabs/Orc/16 Blood Posion.prefab
  artifactKey: Guid(1fd7f09c2c764154d8f7773dc53bd4b7) Importer(815301076,1909f56bfc062723c751e8b465ee728b)
Start importing Assets/Prefabs/Orc/16 Blood Posion.prefab using Guid(1fd7f09c2c764154d8f7773dc53bd4b7) Importer(815301076,1909f56bfc062723c751e8b465ee728b)  -> (artifact id: 'e49c4cd654b5213de7fd5be52184fb0c') in 0.016343 seconds 
========================================================================
Received Import Request.
  Time since last request: 0.000017 seconds.
  path: Assets/Prefabs/Orc/6 Rekkar.prefab
  artifactKey: Guid(48c3a52b5140d9e4fb506889b54a68f3) Importer(815301076,1909f56bfc062723c751e8b465ee728b)
Start importing Assets/Prefabs/Orc/6 Rekkar.prefab using Guid(48c3a52b5140d9e4fb506889b54a68f3) Importer(815301076,1909f56bfc062723c751e8b465ee728b)  -> (artifact id: '7f2f0335e9465f5c7c1f9251c34017e5') in 0.018849 seconds 
========================================================================
Received Prepare
Registering precompiled user dll's ...
Registered in 0.002884 seconds.
Begin MonoManager ReloadAssembly
Native extension for WindowsStandalone target not found
Refreshing native plugins compatible for Editor in 0.95 ms, found 3 plugins.
Preloading 0 native plugins for Editor in 0.00 ms.
Mono: successfully reloaded assembly
- Completed reload, in  4.679 seconds
Domain Reload Profiling:
	ReloadAssembly (4685ms)
		BeginReloadAssembly (111ms)
			ExecutionOrderSort (0ms)
			DisableScriptedObjects (4ms)
			BackupInstance (0ms)
			ReleaseScriptingObjects (0ms)
			CreateAndSetChildDomain (31ms)
		EndReloadAssembly (4481ms)
			LoadAssemblies (64ms)
			RebuildTransferFunctionScriptingTraits (0ms)
			SetupTypeCache (178ms)
				TypeCache.Initialize (174ms)
					TypeCache.ScanAssembly (167ms)
				ResolveRequiredComponents (4ms)
			ReleaseScriptCaches (2ms)
			RebuildScriptCaches (42ms)
			SetupLoadedEditorAssemblies (3823ms)
				LogAssemblyErrors (0ms)
				InitializePlatformSupportModulesInManaged (13ms)
				SetLoadedEditorAssemblies (6ms)
				RefreshPlugins (1ms)
				BeforeProcessingInitializeOnLoad (64ms)
				ProcessInitializeOnLoadAttributes (3424ms)
				ProcessInitializeOnLoadMethodAttributes (256ms)
				AfterProcessingInitializeOnLoad (58ms)
				EditorAssembliesLoaded (1ms)
			ExecutionOrderSort2 (0ms)
			AwakeInstancesAfterBackupRestoration (69ms)
Platform modules already initialized, skipping
Refreshing native plugins compatible for Editor in 14.33 ms, found 3 plugins.
Preloading 0 native plugins for Editor in 0.00 ms.
Unloading 2983 Unused Serialized files (Serialized files now loaded: 0)
Unloading 16 unused Assets / (25.4 KB). Loaded Objects now: 3496.
Memory consumption went from 468.1 MB to 468.0 MB.
Total: 42.025900 ms (FindLiveObjects: 2.606400 ms CreateObjectMapping: 1.700600 ms MarkObjects: 37.497400 ms  DeleteObjects: 0.213900 ms)

AssetImportParameters requested are different than current active one (requested -> active):
  custom:video-decoder-ogg-theora: a1e56fd34408186e4bbccfd4996cb3dc -> 
  custom:container-muxer-webm: aa71ff27fc2769a1b78a27578f13a17b -> 
  custom:container-demuxer-webm: 4f35f7cbe854078d1ac9338744f61a02 -> 
  custom:video-encoder-webm-vp8: eb34c28f22e8b96e1ab97ce403110664 -> 
  custom:video-codec-MediaFoundation-h265: 746d11721c4dcdbdad8f713fa42b33f4 -> 
  custom:audio-encoder-webm-vorbis: bf7c407c2cedff20999df2af8eb42d56 -> 
  custom:framework-win-MediaFoundation: 216162199b28c13a410421893ffa2e32 -> 
  custom:container-demuxer-ogg: 62fdf1f143b41e24485cea50d1cbac27 -> 
  custom:video-decoder-webm-vp8: 9c59270c3fd7afecdb556c50c9e8de78 -> 
  custom:audio-decoder-ogg-vorbis: bf7c407c2cedff20999df2af8eb42d56 -> 
Editor requested this worker to shutdown with reason: Scaling down because of idle timeout
AssetImportWorker is now disconnected from the server
Process exiting
Exiting without the bug reporter. Application will terminate with return code 0