Using pre-set license
Built from '2021.3/staging' branch; Version is '2021.3.34f1 (25266724e7bd) revision 2434663'; Using compiler version '192829333'; Build Type 'Release'
OS: 'Windows 10  (10.0.19045) 64bit Core' Language: 'en' Physical Memory: 11626 MB
BatchMode: 1, IsHumanControllingUs: 0, StartBugReporterOnCrash: 0, Is64bit: 1, IsPro: 1

COMMAND LINE ARGUMENTS:
C:\Program Files\Unity\Hub\Editor\2021.3.34f1\Editor\Unity.exe
-adb2
-batchMode
-noUpm
-name
AssetImportWorker2
-projectPath
C:/Users/Javier/Documents/Programacion/CC/Proyecto CC/Gwent-Pro
-logFile
Logs/AssetImportWorker2.log
-srvPort
6360
Successfully changed project path to: C:/Users/Javier/Documents/Programacion/CC/Proyecto CC/Gwent-Pro
C:/Users/Javier/Documents/Programacion/CC/Proyecto CC/Gwent-Pro
[UnityMemory] Configuration Parameters - Can be set up in boot.config
    "memorysetup-bucket-allocator-granularity=16"
    "memorysetup-bucket-allocator-bucket-count=8"
    "memorysetup-bucket-allocator-block-size=33554432"
    "memorysetup-bucket-allocator-block-count=8"
    "memorysetup-main-allocator-block-size=16777216"
    "memorysetup-thread-allocator-block-size=16777216"
    "memorysetup-gfx-main-allocator-block-size=16777216"
    "memorysetup-gfx-thread-allocator-block-size=16777216"
    "memorysetup-cache-allocator-block-size=4194304"
    "memorysetup-typetree-allocator-block-size=2097152"
    "memorysetup-profiler-bucket-allocator-granularity=16"
    "memorysetup-profiler-bucket-allocator-bucket-count=8"
    "memorysetup-profiler-bucket-allocator-block-size=33554432"
    "memorysetup-profiler-bucket-allocator-block-count=8"
    "memorysetup-profiler-allocator-block-size=16777216"
    "memorysetup-profiler-editor-allocator-block-size=1048576"
    "memorysetup-temp-allocator-size-main=16777216"
    "memorysetup-job-temp-allocator-block-size=2097152"
    "memorysetup-job-temp-allocator-block-size-background=1048576"
    "memorysetup-job-temp-allocator-reduction-small-platforms=262144"
    "memorysetup-temp-allocator-size-background-worker=32768"
    "memorysetup-temp-allocator-size-job-worker=262144"
    "memorysetup-temp-allocator-size-preload-manager=33554432"
    "memorysetup-temp-allocator-size-nav-mesh-worker=65536"
    "memorysetup-temp-allocator-size-audio-worker=65536"
    "memorysetup-temp-allocator-size-cloud-worker=32768"
    "memorysetup-temp-allocator-size-gi-baking-worker=262144"
    "memorysetup-temp-allocator-size-gfx=262144"
Player connection [5280] Host "[IP] 0.0.0.0 [Port] 0 [Flags] 2 [Guid] 1690577707 [EditorId] 1690577707 [Version] 1048832 [Id] WindowsEditor(7,DESKTOP-KQSJDLI) [Debug] 1 [PackageName] WindowsEditor [ProjectName] Editor" joined multi-casting on [225.0.0.222:54997]...

Player connection [5280] Host "[IP] 0.0.0.0 [Port] 0 [Flags] 2 [Guid] 1690577707 [EditorId] 1690577707 [Version] 1048832 [Id] WindowsEditor(7,DESKTOP-KQSJDLI) [Debug] 1 [PackageName] WindowsEditor [ProjectName] Editor" joined alternative multi-casting on [225.0.0.222:34997]...

[Physics::Module] Initialized MultithreadedJobDispatcher with {0} workers.
Refreshing native plugins compatible for Editor in 64.14 ms, found 3 plugins.
Preloading 0 native plugins for Editor in 0.00 ms.
Initialize engine version: 2021.3.34f1 (25266724e7bd)
[Subsystems] Discovering subsystems at path C:/Program Files/Unity/Hub/Editor/2021.3.34f1/Editor/Data/Resources/UnitySubsystems
[Subsystems] Discovering subsystems at path C:/Users/Javier/Documents/Programacion/CC/Proyecto CC/Gwent-Pro/Assets
GfxDevice: creating device client; threaded=0; jobified=0
Direct3D:
    Version:  Direct3D 11.0 [level 11.1]
    Renderer: AMD Radeon (TM) Graphics (ID=0x15e7)
    Vendor:   ATI
    VRAM:     5813 MB
    Driver:   31.0.12027.9001
Initialize mono
Mono path[0] = 'C:/Program Files/Unity/Hub/Editor/2021.3.34f1/Editor/Data/Managed'
Mono path[1] = 'C:/Program Files/Unity/Hub/Editor/2021.3.34f1/Editor/Data/MonoBleedingEdge/lib/mono/unityjit-win32'
Mono config path = 'C:/Program Files/Unity/Hub/Editor/2021.3.34f1/Editor/Data/MonoBleedingEdge/etc'
Using monoOptions --debugger-agent=transport=dt_socket,embedding=1,server=y,suspend=n,address=127.0.0.1:56868
Begin MonoManager ReloadAssembly
Registering precompiled unity dll's ...
Register platform support module: C:/Program Files/Unity/Hub/Editor/2021.3.34f1/Editor/Data/PlaybackEngines/WindowsStandaloneSupport/UnityEditor.WindowsStandalone.Extensions.dll
Registered in 0.005999 seconds.
Native extension for WindowsStandalone target not found
Refreshing native plugins compatible for Editor in 61.16 ms, found 3 plugins.
Preloading 0 native plugins for Editor in 0.00 ms.
Mono: successfully reloaded assembly
- Completed reload, in  0.529 seconds
Domain Reload Profiling:
	ReloadAssembly (530ms)
		BeginReloadAssembly (82ms)
			ExecutionOrderSort (0ms)
			DisableScriptedObjects (0ms)
			BackupInstance (0ms)
			ReleaseScriptingObjects (0ms)
			CreateAndSetChildDomain (1ms)
		EndReloadAssembly (367ms)
			LoadAssemblies (80ms)
			RebuildTransferFunctionScriptingTraits (0ms)
			SetupTypeCache (81ms)
			ReleaseScriptCaches (0ms)
			RebuildScriptCaches (21ms)
			SetupLoadedEditorAssemblies (232ms)
				LogAssemblyErrors (0ms)
				InitializePlatformSupportModulesInManaged (7ms)
				SetLoadedEditorAssemblies (0ms)
				RefreshPlugins (61ms)
				BeforeProcessingInitializeOnLoad (1ms)
				ProcessInitializeOnLoadAttributes (124ms)
				ProcessInitializeOnLoadMethodAttributes (38ms)
				AfterProcessingInitializeOnLoad (0ms)
				EditorAssembliesLoaded (0ms)
			ExecutionOrderSort2 (0ms)
			AwakeInstancesAfterBackupRestoration (0ms)
Platform modules already initialized, skipping
Registering precompiled user dll's ...
Registered in 0.004433 seconds.
Begin MonoManager ReloadAssembly
Native extension for WindowsStandalone target not found
Refreshing native plugins compatible for Editor in 0.59 ms, found 3 plugins.
Preloading 0 native plugins for Editor in 0.00 ms.
Package Manager log level set to [2]
[Package Manager] Server::EnsureServerProcessIsRunning -- launch failed, reason: Unity was launched with the -noUpm command-line argument
[Package Manager] Cannot connect to Unity Package Manager local server
Mono: successfully reloaded assembly
- Completed reload, in  1.150 seconds
Domain Reload Profiling:
	ReloadAssembly (1150ms)
		BeginReloadAssembly (117ms)
			ExecutionOrderSort (0ms)
			DisableScriptedObjects (6ms)
			BackupInstance (0ms)
			ReleaseScriptingObjects (0ms)
			CreateAndSetChildDomain (19ms)
		EndReloadAssembly (946ms)
			LoadAssemblies (89ms)
			RebuildTransferFunctionScriptingTraits (0ms)
			SetupTypeCache (165ms)
			ReleaseScriptCaches (1ms)
			RebuildScriptCaches (36ms)
			SetupLoadedEditorAssemblies (654ms)
				LogAssemblyErrors (0ms)
				InitializePlatformSupportModulesInManaged (5ms)
				SetLoadedEditorAssemblies (0ms)
				RefreshPlugins (1ms)
				BeforeProcessingInitializeOnLoad (65ms)
				ProcessInitializeOnLoadAttributes (559ms)
				ProcessInitializeOnLoadMethodAttributes (17ms)
				AfterProcessingInitializeOnLoad (7ms)
				EditorAssembliesLoaded (0ms)
			ExecutionOrderSort2 (0ms)
			AwakeInstancesAfterBackupRestoration (5ms)
Platform modules already initialized, skipping
========================================================================
Worker process is ready to serve import requests
Launched and connected shader compiler UnityShaderCompiler.exe after 0.26 seconds
Refreshing native plugins compatible for Editor in 0.58 ms, found 3 plugins.
Preloading 0 native plugins for Editor in 0.00 ms.
Unloading 2953 Unused Serialized files (Serialized files now loaded: 0)
Unloading 22 unused Assets / (46.7 KB). Loaded Objects now: 3414.
Memory consumption went from 106.3 MB to 106.2 MB.
Total: 2.644300 ms (FindLiveObjects: 0.195500 ms CreateObjectMapping: 0.080700 ms MarkObjects: 2.231700 ms  DeleteObjects: 0.135600 ms)

AssetImportParameters requested are different than current active one (requested -> active):
  custom:video-decoder-ogg-theora: a1e56fd34408186e4bbccfd4996cb3dc -> 
  custom:container-muxer-webm: aa71ff27fc2769a1b78a27578f13a17b -> 
  custom:container-demuxer-webm: 4f35f7cbe854078d1ac9338744f61a02 -> 
  custom:video-encoder-webm-vp8: eb34c28f22e8b96e1ab97ce403110664 -> 
  custom:CustomObjectIndexerAttribute: bc11b3a6c3213fcdd17b65e7da85e133 -> 
  custom:audio-encoder-webm-vorbis: bf7c407c2cedff20999df2af8eb42d56 -> 
  custom:framework-win-MediaFoundation: 216162199b28c13a410421893ffa2e32 -> 
  custom:SearchIndexIgnoredProperties: e643bd26f0fe6173181afceb89e7c659 -> 
  custom:container-demuxer-ogg: 62fdf1f143b41e24485cea50d1cbac27 -> 
  custom:video-decoder-webm-vp8: 9c59270c3fd7afecdb556c50c9e8de78 -> 
  custom:audio-decoder-ogg-vorbis: bf7c407c2cedff20999df2af8eb42d56 -> 
========================================================================
Received Import Request.
  Time since last request: 270781.301011 seconds.
  path: Assets/Prefabs/Orc/1 Nazgrel.prefab
  artifactKey: Guid(0a234294b930c044aba17f0f728b9bfe) Importer(815301076,1909f56bfc062723c751e8b465ee728b)
Number of updated assets reloaded before import = 0
Start importing Assets/Prefabs/Orc/1 Nazgrel.prefab using Guid(0a234294b930c044aba17f0f728b9bfe) Importer(815301076,1909f56bfc062723c751e8b465ee728b)  -> (artifact id: '8ad0973eac80875fc7efb7c11967d96d') in 1.134052 seconds 
Number of asset objects unloaded after import = 10
========================================================================
Received Import Request.
  Time since last request: 0.000023 seconds.
  path: Assets/Prefabs/Orc/9 Durotar.prefab
  artifactKey: Guid(78d36017e387c184182854c902b1a33f) Importer(815301076,1909f56bfc062723c751e8b465ee728b)
Number of updated assets reloaded before import = 0
Start importing Assets/Prefabs/Orc/9 Durotar.prefab using Guid(78d36017e387c184182854c902b1a33f) Importer(815301076,1909f56bfc062723c751e8b465ee728b)  -> (artifact id: '6b8aa02da3b1d1768f7f3c4dc6355cbb') in 0.106977 seconds 
Number of asset objects unloaded after import = 9
========================================================================
Received Import Request.
  Time since last request: 11.963389 seconds.
  path: Assets/Prefabs/Elven/1 Durion.prefab
  artifactKey: Guid(ac4bc9ef84d3cda468731a32ed21d5bc) Importer(815301076,1909f56bfc062723c751e8b465ee728b)
Number of updated assets reloaded before import = 0
Start importing Assets/Prefabs/Elven/1 Durion.prefab using Guid(ac4bc9ef84d3cda468731a32ed21d5bc) Importer(815301076,1909f56bfc062723c751e8b465ee728b)  -> (artifact id: '08fc1941f04fdb964b54e65048c00656') in 0.035326 seconds 
Number of asset objects unloaded after import = 10
========================================================================
Received Import Request.
  Time since last request: 0.000022 seconds.
  path: Assets/Prefabs/Elven/6 Galadriel.prefab
  artifactKey: Guid(61bca58b1cf15bf4a98e049a473e9bbd) Importer(815301076,1909f56bfc062723c751e8b465ee728b)
Number of updated assets reloaded before import = 0
Start importing Assets/Prefabs/Elven/6 Galadriel.prefab using Guid(61bca58b1cf15bf4a98e049a473e9bbd) Importer(815301076,1909f56bfc062723c751e8b465ee728b)  -> (artifact id: '4a5793de599a220da35edef4645185cf') in 0.023214 seconds 
Number of asset objects unloaded after import = 10
========================================================================
Received Import Request.
  Time since last request: 0.000041 seconds.
  path: Assets/Prefabs/Elven/10 Avalancha.prefab
  artifactKey: Guid(9af9c50e5fbc56d4d9b37fed8e732780) Importer(815301076,1909f56bfc062723c751e8b465ee728b)
Number of updated assets reloaded before import = 0
Start importing Assets/Prefabs/Elven/10 Avalancha.prefab using Guid(9af9c50e5fbc56d4d9b37fed8e732780) Importer(815301076,1909f56bfc062723c751e8b465ee728b)  -> (artifact id: '94209f4b6ba2026767ad5d51db7d1ef3') in 0.082191 seconds 
Number of asset objects unloaded after import = 10
========================================================================
Received Import Request.
  Time since last request: 0.000122 seconds.
  path: Assets/Prefabs/Elven/15 Mildir el explorador.prefab
  artifactKey: Guid(9a805fee432650240b45bc54ee2281f6) Importer(815301076,1909f56bfc062723c751e8b465ee728b)
Number of updated assets reloaded before import = 0
Start importing Assets/Prefabs/Elven/15 Mildir el explorador.prefab using Guid(9a805fee432650240b45bc54ee2281f6) Importer(815301076,1909f56bfc062723c751e8b465ee728b)  -> (artifact id: 'e1689d69e16167115ae6070a20ef1a28') in 0.197813 seconds 
Number of asset objects unloaded after import = 10
========================================================================
Received Import Request.
  Time since last request: 0.000123 seconds.
  path: Assets/Prefabs/Elven/18 Forest spirit.prefab
  artifactKey: Guid(3d39282b7ec12174a90d90dde899461c) Importer(815301076,1909f56bfc062723c751e8b465ee728b)
Number of updated assets reloaded before import = 0
Start importing Assets/Prefabs/Elven/18 Forest spirit.prefab using Guid(3d39282b7ec12174a90d90dde899461c) Importer(815301076,1909f56bfc062723c751e8b465ee728b)  -> (artifact id: '9de4e734563f2e9766167a812721d7be') in 0.199187 seconds 
Number of asset objects unloaded after import = 9
========================================================================
Received Import Request.
  Time since last request: 0.000185 seconds.
  path: Assets/Prefabs/Elven/5 Arandir.prefab
  artifactKey: Guid(5ec028db53fd78b45a155e491af42468) Importer(815301076,1909f56bfc062723c751e8b465ee728b)
Number of updated assets reloaded before import = 0
Start importing Assets/Prefabs/Elven/5 Arandir.prefab using Guid(5ec028db53fd78b45a155e491af42468) Importer(815301076,1909f56bfc062723c751e8b465ee728b)  -> (artifact id: '62f9df0fe770dfa39539d4bb0ecb5773') in 0.202127 seconds 
Number of asset objects unloaded after import = 10
========================================================================
Received Import Request.
  Time since last request: 0.000153 seconds.
  path: Assets/Prefabs/Elven/17 strength potion.prefab
  artifactKey: Guid(297e1240fdbe0e7418b38cf518b88166) Importer(815301076,1909f56bfc062723c751e8b465ee728b)
Number of updated assets reloaded before import = 0
Start importing Assets/Prefabs/Elven/17 strength potion.prefab using Guid(297e1240fdbe0e7418b38cf518b88166) Importer(815301076,1909f56bfc062723c751e8b465ee728b)  -> (artifact id: '393f2771c86c3378b53465666b9e6b1b') in 0.275427 seconds 
Number of asset objects unloaded after import = 9
========================================================================
Received Import Request.
  Time since last request: 127.391144 seconds.
  path: Assets/Prefabs/Orc/13 Mordor.prefab
  artifactKey: Guid(c953c3398987d434a91eb6855cccb151) Importer(815301076,1909f56bfc062723c751e8b465ee728b)
Number of updated assets reloaded before import = 0
Start importing Assets/Prefabs/Orc/13 Mordor.prefab using Guid(c953c3398987d434a91eb6855cccb151) Importer(815301076,1909f56bfc062723c751e8b465ee728b)  -> (artifact id: '787548829e198d774f062d3e87a92dfa') in 0.014717 seconds 
Number of asset objects unloaded after import = 9
========================================================================
Received Import Request.
  Time since last request: 0.000022 seconds.
  path: Assets/Prefabs/Orc/17 Sauron.prefab
  artifactKey: Guid(4ee4bad65045ecf41aa9fdd39a7675e8) Importer(815301076,1909f56bfc062723c751e8b465ee728b)
Number of updated assets reloaded before import = 0
Start importing Assets/Prefabs/Orc/17 Sauron.prefab using Guid(4ee4bad65045ecf41aa9fdd39a7675e8) Importer(815301076,1909f56bfc062723c751e8b465ee728b)  -> (artifact id: '651098f258b1b78d6ccaea88d42b9fa7') in 0.014214 seconds 
Number of asset objects unloaded after import = 9
========================================================================
Received Import Request.
  Time since last request: 0.000024 seconds.
  path: Assets/Prefabs/Orc/16 Blood Posion.prefab
  artifactKey: Guid(1fd7f09c2c764154d8f7773dc53bd4b7) Importer(815301076,1909f56bfc062723c751e8b465ee728b)
Number of updated assets reloaded before import = 0
Start importing Assets/Prefabs/Orc/16 Blood Posion.prefab using Guid(1fd7f09c2c764154d8f7773dc53bd4b7) Importer(815301076,1909f56bfc062723c751e8b465ee728b)  -> (artifact id: '48f6703a08bd1ef9e1d5a2615a1336ba') in 0.013692 seconds 
Number of asset objects unloaded after import = 9
========================================================================
Received Import Request.
  Time since last request: 79.586055 seconds.
  path: Assets/Prefabs/Orc/13 Mordor.prefab
  artifactKey: Guid(c953c3398987d434a91eb6855cccb151) Importer(815301076,1909f56bfc062723c751e8b465ee728b)
Number of updated assets reloaded before import = 0
Start importing Assets/Prefabs/Orc/13 Mordor.prefab using Guid(c953c3398987d434a91eb6855cccb151) Importer(815301076,1909f56bfc062723c751e8b465ee728b)  -> (artifact id: '1ff81053de68b25488d33c50d9d399f4') in 0.013846 seconds 
Number of asset objects unloaded after import = 9
========================================================================
Received Import Request.
  Time since last request: 6.588413 seconds.
  path: Assets/Prefabs/Orc/14 Volcano paradise.prefab
  artifactKey: Guid(528de99dc9a9188469b956c1e2e8b3d4) Importer(815301076,1909f56bfc062723c751e8b465ee728b)
Number of updated assets reloaded before import = 0
Start importing Assets/Prefabs/Orc/14 Volcano paradise.prefab using Guid(528de99dc9a9188469b956c1e2e8b3d4) Importer(815301076,1909f56bfc062723c751e8b465ee728b)  -> (artifact id: '559eaa178742716ee1fe75b0f81d16b4') in 0.013945 seconds 
Number of asset objects unloaded after import = 9
========================================================================
Received Import Request.
  Time since last request: 43.830534 seconds.
  path: Assets/Prefabs/Orc/14 Volcano paradise.prefab
  artifactKey: Guid(528de99dc9a9188469b956c1e2e8b3d4) Importer(815301076,1909f56bfc062723c751e8b465ee728b)
Number of updated assets reloaded before import = 0
Start importing Assets/Prefabs/Orc/14 Volcano paradise.prefab using Guid(528de99dc9a9188469b956c1e2e8b3d4) Importer(815301076,1909f56bfc062723c751e8b465ee728b)  -> (artifact id: '964621b404975cd1b2b5036ca4d92596') in 0.014044 seconds 
Number of asset objects unloaded after import = 9
========================================================================
Received Import Request.
  Time since last request: 5.682756 seconds.
  path: Assets/Prefabs/Orc/15 Death Posion.prefab
  artifactKey: Guid(9c9ddb0caad44c84192a8b5301923837) Importer(815301076,1909f56bfc062723c751e8b465ee728b)
Number of updated assets reloaded before import = 0
Start importing Assets/Prefabs/Orc/15 Death Posion.prefab using Guid(9c9ddb0caad44c84192a8b5301923837) Importer(815301076,1909f56bfc062723c751e8b465ee728b)  -> (artifact id: '502cdedc96d44e704a78fea8a5a47c96') in 0.013649 seconds 
Number of asset objects unloaded after import = 9
========================================================================
Received Import Request.
  Time since last request: 57.109311 seconds.
  path: Assets/Prefabs/Orc/15 Death Posion.prefab
  artifactKey: Guid(9c9ddb0caad44c84192a8b5301923837) Importer(815301076,1909f56bfc062723c751e8b465ee728b)
Number of updated assets reloaded before import = 0
Start importing Assets/Prefabs/Orc/15 Death Posion.prefab using Guid(9c9ddb0caad44c84192a8b5301923837) Importer(815301076,1909f56bfc062723c751e8b465ee728b)  -> (artifact id: '72aa5e476545034c620999d7193ba816') in 0.013168 seconds 
Number of asset objects unloaded after import = 9
========================================================================
Received Import Request.
  Time since last request: 43.568097 seconds.
  path: Assets/Prefabs/Orc/16 Blood Posion.prefab
  artifactKey: Guid(1fd7f09c2c764154d8f7773dc53bd4b7) Importer(815301076,1909f56bfc062723c751e8b465ee728b)
Number of updated assets reloaded before import = 0
Start importing Assets/Prefabs/Orc/16 Blood Posion.prefab using Guid(1fd7f09c2c764154d8f7773dc53bd4b7) Importer(815301076,1909f56bfc062723c751e8b465ee728b)  -> (artifact id: '62d40dcc3ea93c9cb141f3519ca892bc') in 0.013743 seconds 
Number of asset objects unloaded after import = 9
========================================================================
Received Import Request.
  Time since last request: 91.688725 seconds.
  path: Assets/Prefabs/Orc/17 Sauron.prefab
  artifactKey: Guid(4ee4bad65045ecf41aa9fdd39a7675e8) Importer(815301076,1909f56bfc062723c751e8b465ee728b)
Number of updated assets reloaded before import = 0
Start importing Assets/Prefabs/Orc/17 Sauron.prefab using Guid(4ee4bad65045ecf41aa9fdd39a7675e8) Importer(815301076,1909f56bfc062723c751e8b465ee728b)  -> (artifact id: '14f30f6ae2f061d83172359da79abf46') in 0.015329 seconds 
Number of asset objects unloaded after import = 9
========================================================================
Received Prepare
Registering precompiled user dll's ...
Registered in 0.004190 seconds.
Begin MonoManager ReloadAssembly
Native extension for WindowsStandalone target not found
Refreshing native plugins compatible for Editor in 1.20 ms, found 3 plugins.
Preloading 0 native plugins for Editor in 0.00 ms.
[Package Manager] Server::EnsureServerProcessIsRunning -- launch failed, reason: Unity was launched with the -noUpm command-line argument
[Package Manager] Cannot connect to Unity Package Manager local server
Mono: successfully reloaded assembly
- Completed reload, in  4.382 seconds
Domain Reload Profiling:
	ReloadAssembly (4386ms)
		BeginReloadAssembly (130ms)
			ExecutionOrderSort (0ms)
			DisableScriptedObjects (6ms)
			BackupInstance (0ms)
			ReleaseScriptingObjects (0ms)
			CreateAndSetChildDomain (31ms)
		EndReloadAssembly (4179ms)
			LoadAssemblies (82ms)
			RebuildTransferFunctionScriptingTraits (0ms)
			SetupTypeCache (194ms)
			ReleaseScriptCaches (1ms)
			RebuildScriptCaches (40ms)
			SetupLoadedEditorAssemblies (3621ms)
				LogAssemblyErrors (0ms)
				InitializePlatformSupportModulesInManaged (8ms)
				SetLoadedEditorAssemblies (1ms)
				RefreshPlugins (1ms)
				BeforeProcessingInitializeOnLoad (257ms)
				ProcessInitializeOnLoadAttributes (3083ms)
				ProcessInitializeOnLoadMethodAttributes (190ms)
				AfterProcessingInitializeOnLoad (80ms)
				EditorAssembliesLoaded (1ms)
			ExecutionOrderSort2 (0ms)
			AwakeInstancesAfterBackupRestoration (54ms)
Platform modules already initialized, skipping
Refreshing native plugins compatible for Editor in 3.61 ms, found 3 plugins.
Preloading 0 native plugins for Editor in 0.00 ms.
Unloading 2934 Unused Serialized files (Serialized files now loaded: 0)
Unloading 17 unused Assets / (21.9 KB). Loaded Objects now: 3425.
Memory consumption went from 109.3 MB to 109.3 MB.
Total: 24.194300 ms (FindLiveObjects: 1.753300 ms CreateObjectMapping: 0.942500 ms MarkObjects: 21.335400 ms  DeleteObjects: 0.155900 ms)

AssetImportParameters requested are different than current active one (requested -> active):
  custom:video-decoder-ogg-theora: a1e56fd34408186e4bbccfd4996cb3dc -> 
  custom:container-muxer-webm: aa71ff27fc2769a1b78a27578f13a17b -> 
  custom:container-demuxer-webm: 4f35f7cbe854078d1ac9338744f61a02 -> 
  custom:video-encoder-webm-vp8: eb34c28f22e8b96e1ab97ce403110664 -> 
  custom:CustomObjectIndexerAttribute: bc11b3a6c3213fcdd17b65e7da85e133 -> 
  custom:audio-encoder-webm-vorbis: bf7c407c2cedff20999df2af8eb42d56 -> 
  custom:framework-win-MediaFoundation: 216162199b28c13a410421893ffa2e32 -> 
  custom:SearchIndexIgnoredProperties: e643bd26f0fe6173181afceb89e7c659 -> 
  custom:container-demuxer-ogg: 62fdf1f143b41e24485cea50d1cbac27 -> 
  custom:video-decoder-webm-vp8: 9c59270c3fd7afecdb556c50c9e8de78 -> 
  custom:audio-decoder-ogg-vorbis: bf7c407c2cedff20999df2af8eb42d56 -> 
========================================================================
Received Prepare
Registering precompiled user dll's ...
Registered in 0.004897 seconds.
Begin MonoManager ReloadAssembly
Native extension for WindowsStandalone target not found
Refreshing native plugins compatible for Editor in 1.00 ms, found 3 plugins.
Preloading 0 native plugins for Editor in 0.00 ms.
[Package Manager] Server::EnsureServerProcessIsRunning -- launch failed, reason: Unity was launched with the -noUpm command-line argument
[Package Manager] Cannot connect to Unity Package Manager local server
Mono: successfully reloaded assembly
- Completed reload, in  6.051 seconds
Domain Reload Profiling:
	ReloadAssembly (6056ms)
		BeginReloadAssembly (130ms)
			ExecutionOrderSort (0ms)
			DisableScriptedObjects (5ms)
			BackupInstance (0ms)
			ReleaseScriptingObjects (0ms)
			CreateAndSetChildDomain (29ms)
		EndReloadAssembly (5844ms)
			LoadAssemblies (85ms)
			RebuildTransferFunctionScriptingTraits (0ms)
			SetupTypeCache (188ms)
			ReleaseScriptCaches (2ms)
			RebuildScriptCaches (46ms)
			SetupLoadedEditorAssemblies (5171ms)
				LogAssemblyErrors (0ms)
				InitializePlatformSupportModulesInManaged (7ms)
				SetLoadedEditorAssemblies (1ms)
				RefreshPlugins (1ms)
				BeforeProcessingInitializeOnLoad (436ms)
				ProcessInitializeOnLoadAttributes (4317ms)
				ProcessInitializeOnLoadMethodAttributes (316ms)
				AfterProcessingInitializeOnLoad (92ms)
				EditorAssembliesLoaded (2ms)
			ExecutionOrderSort2 (0ms)
			AwakeInstancesAfterBackupRestoration (75ms)
Platform modules already initialized, skipping
Refreshing native plugins compatible for Editor in 4.16 ms, found 3 plugins.
Preloading 0 native plugins for Editor in 0.00 ms.
Unloading 2934 Unused Serialized files (Serialized files now loaded: 0)
Unloading 17 unused Assets / (22.0 KB). Loaded Objects now: 3428.
Memory consumption went from 109.3 MB to 109.3 MB.
Total: 31.097300 ms (FindLiveObjects: 1.179200 ms CreateObjectMapping: 0.720800 ms MarkObjects: 29.003900 ms  DeleteObjects: 0.187200 ms)

AssetImportParameters requested are different than current active one (requested -> active):
  custom:video-decoder-ogg-theora: a1e56fd34408186e4bbccfd4996cb3dc -> 
  custom:container-muxer-webm: aa71ff27fc2769a1b78a27578f13a17b -> 
  custom:container-demuxer-webm: 4f35f7cbe854078d1ac9338744f61a02 -> 
  custom:video-encoder-webm-vp8: eb34c28f22e8b96e1ab97ce403110664 -> 
  custom:CustomObjectIndexerAttribute: bc11b3a6c3213fcdd17b65e7da85e133 -> 
  custom:audio-encoder-webm-vorbis: bf7c407c2cedff20999df2af8eb42d56 -> 
  custom:framework-win-MediaFoundation: 216162199b28c13a410421893ffa2e32 -> 
  custom:SearchIndexIgnoredProperties: e643bd26f0fe6173181afceb89e7c659 -> 
  custom:container-demuxer-ogg: 62fdf1f143b41e24485cea50d1cbac27 -> 
  custom:video-decoder-webm-vp8: 9c59270c3fd7afecdb556c50c9e8de78 -> 
  custom:audio-decoder-ogg-vorbis: bf7c407c2cedff20999df2af8eb42d56 -> 
========================================================================
Received Import Request.
  Time since last request: 141.378538 seconds.
  path: Assets/Prefabs/Orc/13 Mordor.prefab
  artifactKey: Guid(c953c3398987d434a91eb6855cccb151) Importer(815301076,1909f56bfc062723c751e8b465ee728b)
Number of updated assets reloaded before import = 0
Start importing Assets/Prefabs/Orc/13 Mordor.prefab using Guid(c953c3398987d434a91eb6855cccb151) Importer(815301076,1909f56bfc062723c751e8b465ee728b)  -> (artifact id: '6ecc0e914d00ee3413eaaf5a3d842151') in 0.063783 seconds 
Number of asset objects unloaded after import = 9
========================================================================
Received Import Request.
  Time since last request: 0.000017 seconds.
  path: Assets/Prefabs/Orc/17 Sauron.prefab
  artifactKey: Guid(4ee4bad65045ecf41aa9fdd39a7675e8) Importer(815301076,1909f56bfc062723c751e8b465ee728b)
Number of updated assets reloaded before import = 0
Start importing Assets/Prefabs/Orc/17 Sauron.prefab using Guid(4ee4bad65045ecf41aa9fdd39a7675e8) Importer(815301076,1909f56bfc062723c751e8b465ee728b)  -> (artifact id: 'c32216201256d126c72bfb937a059bcc') in 0.017608 seconds 
Number of asset objects unloaded after import = 9
========================================================================
Received Import Request.
  Time since last request: 0.000028 seconds.
  path: Assets/Prefabs/Orc/15 Death Posion.prefab
  artifactKey: Guid(9c9ddb0caad44c84192a8b5301923837) Importer(815301076,1909f56bfc062723c751e8b465ee728b)
Number of updated assets reloaded before import = 0
Start importing Assets/Prefabs/Orc/15 Death Posion.prefab using Guid(9c9ddb0caad44c84192a8b5301923837) Importer(815301076,1909f56bfc062723c751e8b465ee728b)  -> (artifact id: 'c2dad5a34c43e1c41567807a9918320c') in 0.014999 seconds 
Number of asset objects unloaded after import = 9
Editor requested this worker to shutdown with reason: Scaling down because of idle timeout
AssetImportWorker is now disconnected from the server
Process exiting
Exiting without the bug reporter. Application will terminate with return code 0